;  LST file generated by mikroListExporter - v.2.0 
; Date/Time: 02/07/2020 12:32:47
;----------------------------------------------

;Address Opcode 	ASM
0x0000	0xF000EFE5  	GOTO        458
0x0004	0x0000      	NOP
0x0006	0x0000      	NOP
0x0008	0xF000EFD0  	GOTO        416
0x000C	0x0000      	NOP
0x000E	0x0000      	NOP
0x0010	0x0000      	NOP
0x0012	0x0000      	NOP
0x0014	0x0000      	NOP
0x0016	0x0000      	NOP
0x0018	0xF000EFD9  	GOTO        434
_Delay_1us:
;__Lib_Delays.c,7 :: 		void Delay_1us() {
;__Lib_Delays.c,8 :: 		Delay_us(1);
0x001C	0x0000      	NOP
0x001E	0x0000      	NOP
0x0020	0x0000      	NOP
0x0022	0x0000      	NOP
0x0024	0x0000      	NOP
;__Lib_Delays.c,9 :: 		}
L_end_Delay_1us:
0x0026	0x0012      	RETURN      0
; end of _Delay_1us
_Delay_5500us:
;__Lib_Delays.c,31 :: 		void Delay_5500us() {
;__Lib_Delays.c,32 :: 		Delay_us(5500);
0x0028	0x0E24      	MOVLW       36
0x002A	0x6E0C      	MOVWF       R12, 0
0x002C	0x0EB5      	MOVLW       181
0x002E	0x6E0D      	MOVWF       R13, 0
L_Delay_5500us5:
0x0030	0x2E0D      	DECFSZ      R13, 1, 0
0x0032	0xD7FE      	BRA         L_Delay_5500us5
0x0034	0x2E0C      	DECFSZ      R12, 1, 0
0x0036	0xD7FC      	BRA         L_Delay_5500us5
0x0038	0x0000      	NOP
0x003A	0x0000      	NOP
;__Lib_Delays.c,33 :: 		}
L_end_Delay_5500us:
0x003C	0x0012      	RETURN      0
; end of _Delay_5500us
_Delay_50us:
;__Lib_Delays.c,19 :: 		void Delay_50us() {
;__Lib_Delays.c,20 :: 		Delay_us(50);
0x003E	0x0E53      	MOVLW       83
0x0040	0x6E0D      	MOVWF       R13, 0
L_Delay_50us2:
0x0042	0x2E0D      	DECFSZ      R13, 1, 0
0x0044	0xD7FE      	BRA         L_Delay_50us2
;__Lib_Delays.c,21 :: 		}
L_end_Delay_50us:
0x0046	0x0012      	RETURN      0
; end of _Delay_50us
_Lcd_Cmd:
;__Lib_Lcd.c,18 :: 		
;__Lib_Lcd.c,20 :: 		
0x0048	0xBE28      	BTFSC       FARG_Lcd_Cmd_out_char, 7 
0x004A	0xD002      	BRA         L__Lcd_Cmd21
0x004C	0x9E83      	BCF         LCD_D7, BitPos(LCD_D7+0) 
0x004E	0xD001      	BRA         L__Lcd_Cmd22
L__Lcd_Cmd21:
0x0050	0x8E83      	BSF         LCD_D7, BitPos(LCD_D7+0) 
L__Lcd_Cmd22:
;__Lib_Lcd.c,21 :: 		
0x0052	0xBC28      	BTFSC       FARG_Lcd_Cmd_out_char, 6 
0x0054	0xD002      	BRA         L__Lcd_Cmd23
0x0056	0x9C83      	BCF         LCD_D6, BitPos(LCD_D6+0) 
0x0058	0xD001      	BRA         L__Lcd_Cmd24
L__Lcd_Cmd23:
0x005A	0x8C83      	BSF         LCD_D6, BitPos(LCD_D6+0) 
L__Lcd_Cmd24:
;__Lib_Lcd.c,22 :: 		
0x005C	0xBA28      	BTFSC       FARG_Lcd_Cmd_out_char, 5 
0x005E	0xD002      	BRA         L__Lcd_Cmd25
0x0060	0x9A83      	BCF         LCD_D5, BitPos(LCD_D5+0) 
0x0062	0xD001      	BRA         L__Lcd_Cmd26
L__Lcd_Cmd25:
0x0064	0x8A83      	BSF         LCD_D5, BitPos(LCD_D5+0) 
L__Lcd_Cmd26:
;__Lib_Lcd.c,23 :: 		
0x0066	0xB828      	BTFSC       FARG_Lcd_Cmd_out_char, 4 
0x0068	0xD002      	BRA         L__Lcd_Cmd27
0x006A	0x9883      	BCF         LCD_D4, BitPos(LCD_D4+0) 
0x006C	0xD001      	BRA         L__Lcd_Cmd28
L__Lcd_Cmd27:
0x006E	0x8883      	BSF         LCD_D4, BitPos(LCD_D4+0) 
L__Lcd_Cmd28:
;__Lib_Lcd.c,25 :: 		
0x0070	0xB023      	BTFSC       __Lib_Lcd_cmd_status, BitPos(__Lib_Lcd_cmd_status+0) 
0x0072	0xD002      	BRA         L__Lcd_Cmd29
0x0074	0x8483      	BSF         LCD_RS, BitPos(LCD_RS+0) 
0x0076	0xD001      	BRA         L__Lcd_Cmd30
L__Lcd_Cmd29:
0x0078	0x9483      	BCF         LCD_RS, BitPos(LCD_RS+0) 
L__Lcd_Cmd30:
;__Lib_Lcd.c,28 :: 		
0x007A	0x8683      	BSF         LCD_EN, BitPos(LCD_EN+0) 
;__Lib_Lcd.c,29 :: 		
0x007C	0xDFCF      	RCALL       _Delay_1us
;__Lib_Lcd.c,30 :: 		
0x007E	0x9683      	BCF         LCD_EN, BitPos(LCD_EN+0) 
;__Lib_Lcd.c,33 :: 		
0x0080	0xB628      	BTFSC       FARG_Lcd_Cmd_out_char, 3 
0x0082	0xD002      	BRA         L__Lcd_Cmd31
0x0084	0x9E83      	BCF         LCD_D7, BitPos(LCD_D7+0) 
0x0086	0xD001      	BRA         L__Lcd_Cmd32
L__Lcd_Cmd31:
0x0088	0x8E83      	BSF         LCD_D7, BitPos(LCD_D7+0) 
L__Lcd_Cmd32:
;__Lib_Lcd.c,34 :: 		
0x008A	0xB428      	BTFSC       FARG_Lcd_Cmd_out_char, 2 
0x008C	0xD002      	BRA         L__Lcd_Cmd33
0x008E	0x9C83      	BCF         LCD_D6, BitPos(LCD_D6+0) 
0x0090	0xD001      	BRA         L__Lcd_Cmd34
L__Lcd_Cmd33:
0x0092	0x8C83      	BSF         LCD_D6, BitPos(LCD_D6+0) 
L__Lcd_Cmd34:
;__Lib_Lcd.c,35 :: 		
0x0094	0xB228      	BTFSC       FARG_Lcd_Cmd_out_char, 1 
0x0096	0xD002      	BRA         L__Lcd_Cmd35
0x0098	0x9A83      	BCF         LCD_D5, BitPos(LCD_D5+0) 
0x009A	0xD001      	BRA         L__Lcd_Cmd36
L__Lcd_Cmd35:
0x009C	0x8A83      	BSF         LCD_D5, BitPos(LCD_D5+0) 
L__Lcd_Cmd36:
;__Lib_Lcd.c,36 :: 		
0x009E	0xB028      	BTFSC       FARG_Lcd_Cmd_out_char, 0 
0x00A0	0xD002      	BRA         L__Lcd_Cmd37
0x00A2	0x9883      	BCF         LCD_D4, BitPos(LCD_D4+0) 
0x00A4	0xD001      	BRA         L__Lcd_Cmd38
L__Lcd_Cmd37:
0x00A6	0x8883      	BSF         LCD_D4, BitPos(LCD_D4+0) 
L__Lcd_Cmd38:
;__Lib_Lcd.c,38 :: 		
0x00A8	0xB023      	BTFSC       __Lib_Lcd_cmd_status, BitPos(__Lib_Lcd_cmd_status+0) 
0x00AA	0xD002      	BRA         L__Lcd_Cmd39
0x00AC	0x8483      	BSF         LCD_RS, BitPos(LCD_RS+0) 
0x00AE	0xD001      	BRA         L__Lcd_Cmd40
L__Lcd_Cmd39:
0x00B0	0x9483      	BCF         LCD_RS, BitPos(LCD_RS+0) 
L__Lcd_Cmd40:
;__Lib_Lcd.c,40 :: 		
0x00B2	0x8683      	BSF         LCD_EN, BitPos(LCD_EN+0) 
;__Lib_Lcd.c,41 :: 		
0x00B4	0xDFB3      	RCALL       _Delay_1us
;__Lib_Lcd.c,42 :: 		
0x00B6	0x9683      	BCF         LCD_EN, BitPos(LCD_EN+0) 
;__Lib_Lcd.c,44 :: 		
0x00B8	0xA023      	BTFSS       __Lib_Lcd_cmd_status, BitPos(__Lib_Lcd_cmd_status+0) 
0x00BA	0xD002      	BRA         L_Lcd_Cmd0
;__Lib_Lcd.c,45 :: 		
0x00BC	0xDFB5      	RCALL       _Delay_5500us
0x00BE	0xD001      	BRA         L_Lcd_Cmd1
L_Lcd_Cmd0:
;__Lib_Lcd.c,47 :: 		
0x00C0	0xDFBE      	RCALL       _Delay_50us
L_Lcd_Cmd1:
;__Lib_Lcd.c,48 :: 		
L_end_Lcd_Cmd:
0x00C2	0x0012      	RETURN      0
; end of _Lcd_Cmd
_Lcd_Chr_CP:
;__Lib_Lcd.c,50 :: 		
;__Lib_Lcd.c,52 :: 		
0x00C4	0x9023      	BCF         __Lib_Lcd_cmd_status, BitPos(__Lib_Lcd_cmd_status+0) 
;__Lib_Lcd.c,53 :: 		
0x00C6	0xF028C027  	MOVFF       FARG_Lcd_Chr_CP_out_char, FARG_Lcd_Cmd_out_char
0x00CA	0xDFBE      	RCALL       _Lcd_Cmd
;__Lib_Lcd.c,54 :: 		
0x00CC	0x8023      	BSF         __Lib_Lcd_cmd_status, BitPos(__Lib_Lcd_cmd_status+0) 
;__Lib_Lcd.c,55 :: 		
L_end_Lcd_Chr_CP:
0x00CE	0x0012      	RETURN      0
; end of _Lcd_Chr_CP
___CC2DW:
;__Lib_System.c,21 :: 		
;__Lib_System.c,23 :: 		
_CC2DL_Loop1:
;__Lib_System.c,24 :: 		
0x00D0	0x0009      	TBLRD*+
;__Lib_System.c,25 :: 		
0x00D2	0xFFE6CFF5  	MOVFF       TABLAT, POSTINC1
;__Lib_System.c,26 :: 		
0x00D6	0x0600      	DECF        R0, 1, 0
;__Lib_System.c,27 :: 		
0x00D8	0xE1FB      	BNZ         _CC2DL_Loop1
;__Lib_System.c,28 :: 		
0x00DA	0x0601      	DECF        R1, 1, 0
;__Lib_System.c,29 :: 		
0x00DC	0xE1F9      	BNZ         _CC2DL_Loop1
;__Lib_System.c,31 :: 		
L_end___CC2DW:
0x00DE	0x0012      	RETURN      0
; end of ___CC2DW
_Lcd_Init:
;__Lib_Lcd.c,84 :: 		
;__Lib_Lcd.c,86 :: 		
0x00E0	0x9695      	BCF         LCD_EN_Direction, BitPos(LCD_EN_Direction+0) 
;__Lib_Lcd.c,87 :: 		
0x00E2	0x9495      	BCF         LCD_RS_Direction, BitPos(LCD_RS_Direction+0) 
;__Lib_Lcd.c,88 :: 		
0x00E4	0x9895      	BCF         LCD_D4_Direction, BitPos(LCD_D4_Direction+0) 
;__Lib_Lcd.c,89 :: 		
0x00E6	0x9A95      	BCF         LCD_D5_Direction, BitPos(LCD_D5_Direction+0) 
;__Lib_Lcd.c,90 :: 		
0x00E8	0x9C95      	BCF         LCD_D6_Direction, BitPos(LCD_D6_Direction+0) 
;__Lib_Lcd.c,91 :: 		
0x00EA	0x9E95      	BCF         LCD_D7_Direction, BitPos(LCD_D7_Direction+0) 
;__Lib_Lcd.c,93 :: 		
0x00EC	0x9683      	BCF         LCD_EN, BitPos(LCD_EN+0) 
;__Lib_Lcd.c,94 :: 		
0x00EE	0x9483      	BCF         LCD_RS, BitPos(LCD_RS+0) 
;__Lib_Lcd.c,95 :: 		
0x00F0	0x9E83      	BCF         LCD_D7, BitPos(LCD_D7+0) 
;__Lib_Lcd.c,96 :: 		
0x00F2	0x9C83      	BCF         LCD_D6, BitPos(LCD_D6+0) 
;__Lib_Lcd.c,97 :: 		
0x00F4	0x9A83      	BCF         LCD_D5, BitPos(LCD_D5+0) 
;__Lib_Lcd.c,98 :: 		
0x00F6	0x9883      	BCF         LCD_D4, BitPos(LCD_D4+0) 
;__Lib_Lcd.c,100 :: 		
0x00F8	0xDF97      	RCALL       _Delay_5500us
;__Lib_Lcd.c,101 :: 		
0x00FA	0xDF96      	RCALL       _Delay_5500us
;__Lib_Lcd.c,102 :: 		
0x00FC	0xDF95      	RCALL       _Delay_5500us
;__Lib_Lcd.c,105 :: 		
0x00FE	0x8A83      	BSF         LCD_D5, BitPos(LCD_D5+0) 
;__Lib_Lcd.c,106 :: 		
0x0100	0x8883      	BSF         LCD_D4, BitPos(LCD_D4+0) 
;__Lib_Lcd.c,107 :: 		
0x0102	0x8683      	BSF         LCD_EN, BitPos(LCD_EN+0) 
;__Lib_Lcd.c,108 :: 		
0x0104	0xDF8B      	RCALL       _Delay_1us
;__Lib_Lcd.c,109 :: 		
0x0106	0x9683      	BCF         LCD_EN, BitPos(LCD_EN+0) 
;__Lib_Lcd.c,110 :: 		
0x0108	0xDF8F      	RCALL       _Delay_5500us
;__Lib_Lcd.c,112 :: 		
0x010A	0x8683      	BSF         LCD_EN, BitPos(LCD_EN+0) 
;__Lib_Lcd.c,113 :: 		
0x010C	0xDF87      	RCALL       _Delay_1us
;__Lib_Lcd.c,114 :: 		
0x010E	0x9683      	BCF         LCD_EN, BitPos(LCD_EN+0) 
;__Lib_Lcd.c,115 :: 		
0x0110	0xDF8B      	RCALL       _Delay_5500us
;__Lib_Lcd.c,117 :: 		
0x0112	0x8683      	BSF         LCD_EN, BitPos(LCD_EN+0) 
;__Lib_Lcd.c,118 :: 		
0x0114	0xDF83      	RCALL       _Delay_1us
;__Lib_Lcd.c,119 :: 		
0x0116	0x9683      	BCF         LCD_EN, BitPos(LCD_EN+0) 
;__Lib_Lcd.c,120 :: 		
0x0118	0xDF87      	RCALL       _Delay_5500us
;__Lib_Lcd.c,123 :: 		
0x011A	0x9883      	BCF         LCD_D4, BitPos(LCD_D4+0) 
;__Lib_Lcd.c,124 :: 		
0x011C	0x8683      	BSF         LCD_EN, BitPos(LCD_EN+0) 
;__Lib_Lcd.c,125 :: 		
0x011E	0xDF7E      	RCALL       _Delay_1us
;__Lib_Lcd.c,126 :: 		
0x0120	0x9683      	BCF         LCD_EN, BitPos(LCD_EN+0) 
;__Lib_Lcd.c,127 :: 		
0x0122	0xDF82      	RCALL       _Delay_5500us
;__Lib_Lcd.c,130 :: 		
0x0124	0x8683      	BSF         LCD_EN, BitPos(LCD_EN+0) 
;__Lib_Lcd.c,131 :: 		
0x0126	0xDF7A      	RCALL       _Delay_1us
;__Lib_Lcd.c,132 :: 		
0x0128	0x9683      	BCF         LCD_EN, BitPos(LCD_EN+0) 
;__Lib_Lcd.c,134 :: 		
0x012A	0x9A83      	BCF         LCD_D5, BitPos(LCD_D5+0) 
;__Lib_Lcd.c,135 :: 		
0x012C	0x8E83      	BSF         LCD_D7, BitPos(LCD_D7+0) 
;__Lib_Lcd.c,136 :: 		
0x012E	0x8683      	BSF         LCD_EN, BitPos(LCD_EN+0) 
;__Lib_Lcd.c,137 :: 		
0x0130	0xDF75      	RCALL       _Delay_1us
;__Lib_Lcd.c,138 :: 		
0x0132	0x9683      	BCF         LCD_EN, BitPos(LCD_EN+0) 
;__Lib_Lcd.c,139 :: 		
0x0134	0xDF79      	RCALL       _Delay_5500us
;__Lib_Lcd.c,142 :: 		
0x0136	0x9E83      	BCF         LCD_D7, BitPos(LCD_D7+0) 
;__Lib_Lcd.c,143 :: 		
0x0138	0x8883      	BSF         LCD_D4, BitPos(LCD_D4+0) 
;__Lib_Lcd.c,144 :: 		
0x013A	0x8683      	BSF         LCD_EN, BitPos(LCD_EN+0) 
;__Lib_Lcd.c,145 :: 		
0x013C	0xDF6F      	RCALL       _Delay_1us
;__Lib_Lcd.c,146 :: 		
0x013E	0x9683      	BCF         LCD_EN, BitPos(LCD_EN+0) 
;__Lib_Lcd.c,148 :: 		
0x0140	0x9883      	BCF         LCD_D4, BitPos(LCD_D4+0) 
;__Lib_Lcd.c,149 :: 		
0x0142	0x8683      	BSF         LCD_EN, BitPos(LCD_EN+0) 
;__Lib_Lcd.c,150 :: 		
0x0144	0xDF6B      	RCALL       _Delay_1us
;__Lib_Lcd.c,151 :: 		
0x0146	0x9683      	BCF         LCD_EN, BitPos(LCD_EN+0) 
;__Lib_Lcd.c,152 :: 		
0x0148	0xDF6F      	RCALL       _Delay_5500us
;__Lib_Lcd.c,155 :: 		
0x014A	0x8683      	BSF         LCD_EN, BitPos(LCD_EN+0) 
;__Lib_Lcd.c,156 :: 		
0x014C	0xDF67      	RCALL       _Delay_1us
;__Lib_Lcd.c,157 :: 		
0x014E	0x9683      	BCF         LCD_EN, BitPos(LCD_EN+0) 
;__Lib_Lcd.c,159 :: 		
0x0150	0x8883      	BSF         LCD_D4, BitPos(LCD_D4+0) 
;__Lib_Lcd.c,160 :: 		
0x0152	0x8683      	BSF         LCD_EN, BitPos(LCD_EN+0) 
;__Lib_Lcd.c,161 :: 		
0x0154	0xDF63      	RCALL       _Delay_1us
;__Lib_Lcd.c,162 :: 		
0x0156	0x9683      	BCF         LCD_EN, BitPos(LCD_EN+0) 
;__Lib_Lcd.c,163 :: 		
0x0158	0xDF67      	RCALL       _Delay_5500us
;__Lib_Lcd.c,166 :: 		
0x015A	0x9883      	BCF         LCD_D4, BitPos(LCD_D4+0) 
;__Lib_Lcd.c,167 :: 		
0x015C	0x8683      	BSF         LCD_EN, BitPos(LCD_EN+0) 
;__Lib_Lcd.c,168 :: 		
0x015E	0xDF5E      	RCALL       _Delay_1us
;__Lib_Lcd.c,169 :: 		
0x0160	0x9683      	BCF         LCD_EN, BitPos(LCD_EN+0) 
;__Lib_Lcd.c,171 :: 		
0x0162	0x8E83      	BSF         LCD_D7, BitPos(LCD_D7+0) 
;__Lib_Lcd.c,172 :: 		
0x0164	0x8C83      	BSF         LCD_D6, BitPos(LCD_D6+0) 
;__Lib_Lcd.c,173 :: 		
0x0166	0x8A83      	BSF         LCD_D5, BitPos(LCD_D5+0) 
;__Lib_Lcd.c,174 :: 		
0x0168	0x8883      	BSF         LCD_D4, BitPos(LCD_D4+0) 
;__Lib_Lcd.c,175 :: 		
0x016A	0x8683      	BSF         LCD_EN, BitPos(LCD_EN+0) 
;__Lib_Lcd.c,176 :: 		
0x016C	0xDF57      	RCALL       _Delay_1us
;__Lib_Lcd.c,177 :: 		
0x016E	0x9683      	BCF         LCD_EN, BitPos(LCD_EN+0) 
;__Lib_Lcd.c,179 :: 		
0x0170	0xDF5B      	RCALL       _Delay_5500us
;__Lib_Lcd.c,181 :: 		
0x0172	0x8023      	BSF         __Lib_Lcd_cmd_status, BitPos(__Lib_Lcd_cmd_status+0) 
;__Lib_Lcd.c,182 :: 		
L_end_Lcd_Init:
0x0174	0x0012      	RETURN      0
; end of _Lcd_Init
_Lcd_Out_CP:
;__Lib_Lcd.c,57 :: 		
;__Lib_Lcd.c,59 :: 		
0x0176	0x6A26      	CLRF        Lcd_Out_CP_i_L0 
;__Lib_Lcd.c,60 :: 		
L_Lcd_Out_CP2:
0x0178	0x5026      	MOVF        Lcd_Out_CP_i_L0, 0 
0x017A	0x2424      	ADDWF       FARG_Lcd_Out_CP_text, 0 
0x017C	0x6EE9      	MOVWF       FSR0L 
0x017E	0x0E00      	MOVLW       0
0x0180	0x2025      	ADDWFC      FARG_Lcd_Out_CP_text+1, 0 
0x0182	0x6EEA      	MOVWF       FSR0H 
0x0184	0x52EE      	MOVF        POSTINC0, 1 
0x0186	0xE00B      	BZ          L_Lcd_Out_CP3
;__Lib_Lcd.c,61 :: 		
0x0188	0x5026      	MOVF        Lcd_Out_CP_i_L0, 0 
0x018A	0x2424      	ADDWF       FARG_Lcd_Out_CP_text, 0 
0x018C	0x6EE9      	MOVWF       FSR0L 
0x018E	0x0E00      	MOVLW       0
0x0190	0x2025      	ADDWFC      FARG_Lcd_Out_CP_text+1, 0 
0x0192	0x6EEA      	MOVWF       FSR0H 
0x0194	0xF027CFEE  	MOVFF       POSTINC0, FARG_Lcd_Chr_CP_out_char
0x0198	0xDF95      	RCALL       _Lcd_Chr_CP
0x019A	0x2A26      	INCF        Lcd_Out_CP_i_L0, 1 
;__Lib_Lcd.c,62 :: 		
0x019C	0xD7ED      	BRA         L_Lcd_Out_CP2
L_Lcd_Out_CP3:
;__Lib_Lcd.c,63 :: 		
L_end_Lcd_Out_CP:
0x019E	0x0012      	RETURN      0
; end of _Lcd_Out_CP
_interrupt:
;choose_signal.c,95 :: 		void interrupt()
;choose_signal.c,98 :: 		if(TMR0IF_bit)
0x01A0	0xA4F2      	BTFSS       TMR0IF_bit, BitPos(TMR0IF_bit+0) 
0x01A2	0xD006      	BRA         L_interrupt2
;choose_signal.c,100 :: 		TMR0IF_bit = 0x00;                       //Limpa a flag de interrupção
0x01A4	0x94F2      	BCF         TMR0IF_bit, BitPos(TMR0IF_bit+0) 
;choose_signal.c,101 :: 		TMR0H = 0xB1;                            //Reiniciando os contadores (45536)
0x01A6	0x0EB1      	MOVLW       177
0x01A8	0x6ED7      	MOVWF       TMR0H 
;choose_signal.c,102 :: 		TMR0L = 0xE0;                            //Reiniciando os contadores (45536)
0x01AA	0x0EE0      	MOVLW       224
0x01AC	0x6ED6      	MOVWF       TMR0L 
;choose_signal.c,103 :: 		out_signal = ~out_signal;
0x01AE	0x7083      	BTG         RD0_bit, BitPos(RD0_bit+0) 
;choose_signal.c,105 :: 		}
L_interrupt2:
;choose_signal.c,107 :: 		}
L_end_interrupt:
L__interrupt6:
0x01B0	0x0011      	RETFIE      1
; end of _interrupt
_interrupt_low:
0x01B2	0x6E15      	MOVWF       ___Low_saveWREG 
0x01B4	0xF016CFD8  	MOVFF       STATUS, ___Low_saveSTATUS
0x01B8	0xF017CFE0  	MOVFF       BSR, ___Low_saveBSR
;choose_signal.c,111 :: 		void interrupt_low()
;choose_signal.c,114 :: 		}
L_end_interrupt_low:
L__interrupt_low8:
0x01BC	0x5017      	MOVF        ___Low_saveBSR, 0 
0x01BE	0x6EE0      	MOVWF       BSR 
0x01C0	0x5016      	MOVF        ___Low_saveSTATUS, 0 
0x01C2	0x6ED8      	MOVWF       STATUS 
0x01C4	0x3A15      	SWAPF       ___Low_saveWREG, 1 
0x01C6	0x3815      	SWAPF       ___Low_saveWREG, 0 
0x01C8	0x0010      	RETFIE      0
; end of _interrupt_low
_main:
0x01CA	0x0E4A      	MOVLW       74
0x01CC	0x6E18      	MOVWF       ?lstr1_choose_signal 
0x01CE	0x0E43      	MOVLW       67
0x01D0	0x6E19      	MOVWF       25 
0x01D2	0x0E20      	MOVLW       32
0x01D4	0x6E1A      	MOVWF       26 
0x01D6	0x0E4D      	MOVLW       77
0x01D8	0x6E1B      	MOVWF       27 
0x01DA	0x0E4F      	MOVLW       79
0x01DC	0x6E1C      	MOVWF       28 
0x01DE	0x0E44      	MOVLW       68
0x01E0	0x6E1D      	MOVWF       29 
0x01E2	0x0E55      	MOVLW       85
0x01E4	0x6E1E      	MOVWF       30 
0x01E6	0x0E4C      	MOVLW       76
0x01E8	0x6E1F      	MOVWF       31 
0x01EA	0x0E4F      	MOVLW       79
0x01EC	0x6E20      	MOVWF       32 
0x01EE	0x0E53      	MOVLW       83
0x01F0	0x6E21      	MOVWF       33 
0x01F2	0x6A22      	CLRF        34 
;choose_signal.c,49 :: 		void main()
;choose_signal.c,53 :: 		GIE_bit = 0x01;                             //Habilitando interrupções globais
0x01F4	0x8EF2      	BSF         GIE_bit, BitPos(GIE_bit+0) 
;choose_signal.c,54 :: 		PEIE_bit = 0x01;                            //Habilitando interrupções de periféricos
0x01F6	0x8CF2      	BSF         PEIE_bit, BitPos(PEIE_bit+0) 
;choose_signal.c,55 :: 		IPEN_bit = 0x01;                            //Habilitando interrupções HIGH e LOW
0x01F8	0x8ED0      	BSF         IPEN_bit, BitPos(IPEN_bit+0) 
;choose_signal.c,57 :: 		TRISD = 0x00;                               //Configura PORTD como saida
0x01FA	0x6A95      	CLRF        TRISD 
;choose_signal.c,58 :: 		TRISB = 0xF8;                               //Configura RB0:RB2 como saida, restante entrada
0x01FC	0x0EF8      	MOVLW       248
0x01FE	0x6E93      	MOVWF       TRISB 
;choose_signal.c,63 :: 		T0CON = 0b10001000;                         //Configurando TMR0
0x0200	0x0E88      	MOVLW       136
0x0202	0x6ED5      	MOVWF       T0CON 
;choose_signal.c,68 :: 		TMR0H = 0xB1;                               //Iniciando os contadores (45536)
0x0204	0x0EB1      	MOVLW       177
0x0206	0x6ED7      	MOVWF       TMR0H 
;choose_signal.c,69 :: 		TMR0L = 0xE0;                               //Iniciando os contadores (45536)
0x0208	0x0EE0      	MOVLW       224
0x020A	0x6ED6      	MOVWF       TMR0L 
;choose_signal.c,70 :: 		TMR0IF_bit = 0x00;                          //Limpando a flag de interrupção
0x020C	0x94F2      	BCF         TMR0IF_bit, BitPos(TMR0IF_bit+0) 
;choose_signal.c,71 :: 		TMR0IP_bit = 0x01;                          //Configurando como interrupção de alta prioridade
0x020E	0x84F1      	BSF         TMR0IP_bit, BitPos(TMR0IP_bit+0) 
;choose_signal.c,72 :: 		TMR0IE_bit = 0x01;                          //Habilita interrupção do TMR0
0x0210	0x8AF2      	BSF         TMR0IE_bit, BitPos(TMR0IE_bit+0) 
;choose_signal.c,76 :: 		Lcd_Init();                                 //Inicializa o LCD
0x0212	0xDF66      	RCALL       _Lcd_Init
;choose_signal.c,77 :: 		Lcd_Cmd(_LCD_CLEAR);                        //Limpa o LCD
0x0214	0x0E01      	MOVLW       1
0x0216	0x6E28      	MOVWF       FARG_Lcd_Cmd_out_char 
0x0218	0xDF17      	RCALL       _Lcd_Cmd
;choose_signal.c,78 :: 		Lcd_Cmd(_LCD_CURSOR_OFF);                   //Desabilita o curso do LCD
0x021A	0x0E0C      	MOVLW       12
0x021C	0x6E28      	MOVWF       FARG_Lcd_Cmd_out_char 
0x021E	0xDF14      	RCALL       _Lcd_Cmd
;choose_signal.c,80 :: 		Lcd_Out_Cp("JC MODULOS");
0x0220	0x0E18      	MOVLW       ?lstr1_choose_signal
0x0222	0x6E24      	MOVWF       FARG_Lcd_Out_CP_text 
0x0224	0x0E00      	MOVLW       hi_addr(?lstr1_choose_signal)
0x0226	0x6E25      	MOVWF       FARG_Lcd_Out_CP_text+1 
0x0228	0xDFA6      	RCALL       _Lcd_Out_CP
;choose_signal.c,85 :: 		while(1)
L_main0:
;choose_signal.c,88 :: 		}
0x022A	0xD7FF      	BRA         L_main0
;choose_signal.c,90 :: 		}//FINAL MAIN
L_end_main:
0x022C	0xD7FF      	BRA         $+0
; end of _main
Symbol List:
//** Routines locations **
//ADDRESS    SIZE    PROCEDURE
//----------------------------------------------
0x001C      [12]    _Delay_1us
0x0028      [22]    _Delay_5500us
0x003E      [10]    _Delay_50us
0x0048     [124]    _Lcd_Cmd
0x00C4      [12]    _Lcd_Chr_CP
0x00D0      [16]    ___CC2DW
0x00E0     [150]    _Lcd_Init
0x0176      [42]    _Lcd_Out_CP
0x01A0      [18]    _interrupt
0x01B2      [24]    _interrupt_low
0x01CA     [100]    _main
//** Variables locations ** 
//ADDRESS    SIZE    VARIABLE
//----------------------------------------------
0x0000       [1]    R0
0x0001       [1]    R1
0x0002       [1]    R2
0x0003       [1]    R3
0x0004       [1]    R4
0x0005       [1]    R5
0x0006       [1]    R6
0x0007       [1]    R7
0x0008       [1]    R8
0x0009       [1]    R9
0x000A       [1]    R10
0x000B       [1]    R11
0x000C       [1]    R12
0x000D       [1]    R13
0x000E       [1]    R14
0x000F       [1]    R15
0x0010       [1]    R16
0x0011       [1]    R17
0x0012       [1]    R18
0x0013       [1]    R19
0x0014       [1]    R20
0x0015       [1]    ___Low_saveWREG
0x0016       [1]    ___Low_saveSTATUS
0x0017       [1]    ___Low_saveBSR
0x0018      [11]    ?lstr1_choose_signal
0x0023       [0]    __Lib_Lcd_cmd_status
0x0024       [2]    FARG_Lcd_Out_CP_text
0x0026       [1]    Lcd_Out_CP_i_L0
0x0027       [1]    FARG_Lcd_Chr_CP_out_char
0x0028       [1]    FARG_Lcd_Cmd_out_char
0x0F83       [0]    RD3_bit
0x0F83       [0]    RD2_bit
0x0F83       [0]    RD0_bit
0x0F83       [0]    LCD_D5
0x0F83       [0]    RD6_bit
0x0F83       [0]    LCD_D6
0x0F83       [0]    LCD_D7
0x0F83       [0]    LCD_D4
0x0F83       [0]    RD5_bit
0x0F83       [0]    RD4_bit
0x0F83       [0]    RD7_bit
0x0F83       [0]    LCD_EN
0x0F83       [0]    LCD_RS
0x0F93       [1]    TRISB
0x0F95       [0]    TRISD2_bit
0x0F95       [0]    TRISD7_bit
0x0F95       [0]    TRISD5_bit
0x0F95       [0]    TRISD6_bit
0x0F95       [0]    TRISD3_bit
0x0F95       [0]    TRISD4_bit
0x0F95       [0]    LCD_EN_Direction
0x0F95       [1]    TRISD
0x0F95       [0]    LCD_RS_Direction
0x0F95       [0]    LCD_D4_Direction
0x0F95       [0]    LCD_D7_Direction
0x0F95       [0]    LCD_D6_Direction
0x0F95       [0]    LCD_D5_Direction
0x0FD0       [0]    IPEN_bit
0x0FD5       [1]    T0CON
0x0FD6       [1]    TMR0L
0x0FD7       [1]    TMR0H
0x0FD8       [1]    STATUS
0x0FD9       [1]    FSR2L
0x0FDA       [1]    FSR2H
0x0FDE       [1]    POSTINC2
0x0FE0       [1]    BSR
0x0FE1       [1]    FSR1L
0x0FE2       [1]    FSR1H
0x0FE4       [1]    PREINC1
0x0FE6       [1]    POSTINC1
0x0FE7       [1]    INDF1
0x0FE8       [1]    WREG
0x0FE9       [1]    FSR0L
0x0FEA       [1]    FSR0H
0x0FEE       [1]    POSTINC0
0x0FF1       [0]    TMR0IP_bit
0x0FF2       [0]    TMR0IF_bit
0x0FF2       [0]    GIE_bit
0x0FF2       [0]    TMR0IE_bit
0x0FF2       [0]    PEIE_bit
0x0FF3       [1]    PRODL
0x0FF4       [1]    PRODH
0x0FF5       [1]    TABLAT
0x0FF6       [1]    TBLPTRL
0x0FF7       [1]    TBLPTRH
0x0FF8       [1]    TBLPTRU
