;  LST file generated by mikroListExporter - v.2.0 
; Date/Time: 01/09/2020 19:12:52
;----------------------------------------------

;Address Opcode 	ASM
0x0000	0xF004EF30  	GOTO        2144
0x0004	0x0000      	NOP
0x0006	0x0000      	NOP
0x0008	0xF000EF00  	GOTO        0
0x000C	0x0000      	NOP
0x000E	0x0000      	NOP
0x0010	0x0000      	NOP
0x0012	0x0000      	NOP
0x0014	0x0000      	NOP
0x0016	0x0000      	NOP
0x0018	0xF004EF54  	GOTO        2216
_Delay_50us:
;__Lib_Delays.c,19 :: 		void Delay_50us() {
;__Lib_Delays.c,20 :: 		Delay_us(50);
0x001C	0x0E53      	MOVLW       83
0x001E	0x6E0D      	MOVWF       R13, 0
L_Delay_50us2:
0x0020	0x2E0D      	DECFSZ      R13, 1, 0
0x0022	0xD7FE      	BRA         L_Delay_50us2
;__Lib_Delays.c,21 :: 		}
L_end_Delay_50us:
0x0024	0x0012      	RETURN      0
; end of _Delay_50us
_Delay_5500us:
;__Lib_Delays.c,31 :: 		void Delay_5500us() {
;__Lib_Delays.c,32 :: 		Delay_us(5500);
0x0026	0x0E24      	MOVLW       36
0x0028	0x6E0C      	MOVWF       R12, 0
0x002A	0x0EB5      	MOVLW       181
0x002C	0x6E0D      	MOVWF       R13, 0
L_Delay_5500us5:
0x002E	0x2E0D      	DECFSZ      R13, 1, 0
0x0030	0xD7FE      	BRA         L_Delay_5500us5
0x0032	0x2E0C      	DECFSZ      R12, 1, 0
0x0034	0xD7FC      	BRA         L_Delay_5500us5
0x0036	0x0000      	NOP
0x0038	0x0000      	NOP
;__Lib_Delays.c,33 :: 		}
L_end_Delay_5500us:
0x003A	0x0012      	RETURN      0
; end of _Delay_5500us
_Delay_1us:
;__Lib_Delays.c,7 :: 		void Delay_1us() {
;__Lib_Delays.c,8 :: 		Delay_us(1);
0x003C	0x0000      	NOP
0x003E	0x0000      	NOP
0x0040	0x0000      	NOP
0x0042	0x0000      	NOP
0x0044	0x0000      	NOP
;__Lib_Delays.c,9 :: 		}
L_end_Delay_1us:
0x0046	0x0012      	RETURN      0
; end of _Delay_1us
_Lcd_Cmd:
;__Lib_Lcd.c,18 :: 		
;__Lib_Lcd.c,20 :: 		
0x0048	0xBE57      	BTFSC       FARG_Lcd_Cmd_out_char, 7 
0x004A	0xD002      	BRA         L__Lcd_Cmd21
0x004C	0x9E8C      	BCF         LCD_D7, BitPos(LCD_D7+0) 
0x004E	0xD001      	BRA         L__Lcd_Cmd22
L__Lcd_Cmd21:
0x0050	0x8E8C      	BSF         LCD_D7, BitPos(LCD_D7+0) 
L__Lcd_Cmd22:
;__Lib_Lcd.c,21 :: 		
0x0052	0xBC57      	BTFSC       FARG_Lcd_Cmd_out_char, 6 
0x0054	0xD002      	BRA         L__Lcd_Cmd23
0x0056	0x9C8C      	BCF         LCD_D6, BitPos(LCD_D6+0) 
0x0058	0xD001      	BRA         L__Lcd_Cmd24
L__Lcd_Cmd23:
0x005A	0x8C8C      	BSF         LCD_D6, BitPos(LCD_D6+0) 
L__Lcd_Cmd24:
;__Lib_Lcd.c,22 :: 		
0x005C	0xBA57      	BTFSC       FARG_Lcd_Cmd_out_char, 5 
0x005E	0xD002      	BRA         L__Lcd_Cmd25
0x0060	0x9A8C      	BCF         LCD_D5, BitPos(LCD_D5+0) 
0x0062	0xD001      	BRA         L__Lcd_Cmd26
L__Lcd_Cmd25:
0x0064	0x8A8C      	BSF         LCD_D5, BitPos(LCD_D5+0) 
L__Lcd_Cmd26:
;__Lib_Lcd.c,23 :: 		
0x0066	0xB857      	BTFSC       FARG_Lcd_Cmd_out_char, 4 
0x0068	0xD002      	BRA         L__Lcd_Cmd27
0x006A	0x988C      	BCF         LCD_D4, BitPos(LCD_D4+0) 
0x006C	0xD001      	BRA         L__Lcd_Cmd28
L__Lcd_Cmd27:
0x006E	0x888C      	BSF         LCD_D4, BitPos(LCD_D4+0) 
L__Lcd_Cmd28:
;__Lib_Lcd.c,25 :: 		
0x0070	0xBE3A      	BTFSC       __Lib_Lcd_cmd_status, BitPos(__Lib_Lcd_cmd_status+0) 
0x0072	0xD002      	BRA         L__Lcd_Cmd29
0x0074	0x848C      	BSF         LCD_RS, BitPos(LCD_RS+0) 
0x0076	0xD001      	BRA         L__Lcd_Cmd30
L__Lcd_Cmd29:
0x0078	0x948C      	BCF         LCD_RS, BitPos(LCD_RS+0) 
L__Lcd_Cmd30:
;__Lib_Lcd.c,28 :: 		
0x007A	0x868C      	BSF         LCD_EN, BitPos(LCD_EN+0) 
;__Lib_Lcd.c,29 :: 		
0x007C	0xDFDF      	RCALL       _Delay_1us
;__Lib_Lcd.c,30 :: 		
0x007E	0x968C      	BCF         LCD_EN, BitPos(LCD_EN+0) 
;__Lib_Lcd.c,33 :: 		
0x0080	0xB657      	BTFSC       FARG_Lcd_Cmd_out_char, 3 
0x0082	0xD002      	BRA         L__Lcd_Cmd31
0x0084	0x9E8C      	BCF         LCD_D7, BitPos(LCD_D7+0) 
0x0086	0xD001      	BRA         L__Lcd_Cmd32
L__Lcd_Cmd31:
0x0088	0x8E8C      	BSF         LCD_D7, BitPos(LCD_D7+0) 
L__Lcd_Cmd32:
;__Lib_Lcd.c,34 :: 		
0x008A	0xB457      	BTFSC       FARG_Lcd_Cmd_out_char, 2 
0x008C	0xD002      	BRA         L__Lcd_Cmd33
0x008E	0x9C8C      	BCF         LCD_D6, BitPos(LCD_D6+0) 
0x0090	0xD001      	BRA         L__Lcd_Cmd34
L__Lcd_Cmd33:
0x0092	0x8C8C      	BSF         LCD_D6, BitPos(LCD_D6+0) 
L__Lcd_Cmd34:
;__Lib_Lcd.c,35 :: 		
0x0094	0xB257      	BTFSC       FARG_Lcd_Cmd_out_char, 1 
0x0096	0xD002      	BRA         L__Lcd_Cmd35
0x0098	0x9A8C      	BCF         LCD_D5, BitPos(LCD_D5+0) 
0x009A	0xD001      	BRA         L__Lcd_Cmd36
L__Lcd_Cmd35:
0x009C	0x8A8C      	BSF         LCD_D5, BitPos(LCD_D5+0) 
L__Lcd_Cmd36:
;__Lib_Lcd.c,36 :: 		
0x009E	0xB057      	BTFSC       FARG_Lcd_Cmd_out_char, 0 
0x00A0	0xD002      	BRA         L__Lcd_Cmd37
0x00A2	0x988C      	BCF         LCD_D4, BitPos(LCD_D4+0) 
0x00A4	0xD001      	BRA         L__Lcd_Cmd38
L__Lcd_Cmd37:
0x00A6	0x888C      	BSF         LCD_D4, BitPos(LCD_D4+0) 
L__Lcd_Cmd38:
;__Lib_Lcd.c,38 :: 		
0x00A8	0xBE3A      	BTFSC       __Lib_Lcd_cmd_status, BitPos(__Lib_Lcd_cmd_status+0) 
0x00AA	0xD002      	BRA         L__Lcd_Cmd39
0x00AC	0x848C      	BSF         LCD_RS, BitPos(LCD_RS+0) 
0x00AE	0xD001      	BRA         L__Lcd_Cmd40
L__Lcd_Cmd39:
0x00B0	0x948C      	BCF         LCD_RS, BitPos(LCD_RS+0) 
L__Lcd_Cmd40:
;__Lib_Lcd.c,40 :: 		
0x00B2	0x868C      	BSF         LCD_EN, BitPos(LCD_EN+0) 
;__Lib_Lcd.c,41 :: 		
0x00B4	0xDFC3      	RCALL       _Delay_1us
;__Lib_Lcd.c,42 :: 		
0x00B6	0x968C      	BCF         LCD_EN, BitPos(LCD_EN+0) 
;__Lib_Lcd.c,44 :: 		
0x00B8	0xAE3A      	BTFSS       __Lib_Lcd_cmd_status, BitPos(__Lib_Lcd_cmd_status+0) 
0x00BA	0xD002      	BRA         L_Lcd_Cmd0
;__Lib_Lcd.c,45 :: 		
0x00BC	0xDFB4      	RCALL       _Delay_5500us
0x00BE	0xD001      	BRA         L_Lcd_Cmd1
L_Lcd_Cmd0:
;__Lib_Lcd.c,47 :: 		
0x00C0	0xDFAD      	RCALL       _Delay_50us
L_Lcd_Cmd1:
;__Lib_Lcd.c,48 :: 		
L_end_Lcd_Cmd:
0x00C2	0x0012      	RETURN      0
; end of _Lcd_Cmd
_Lcd_Chr_CP:
;__Lib_Lcd.c,50 :: 		
;__Lib_Lcd.c,52 :: 		
0x00C4	0x9E3A      	BCF         __Lib_Lcd_cmd_status, BitPos(__Lib_Lcd_cmd_status+0) 
;__Lib_Lcd.c,53 :: 		
0x00C6	0xF057C056  	MOVFF       FARG_Lcd_Chr_CP_out_char, FARG_Lcd_Cmd_out_char
0x00CA	0xDFBE      	RCALL       _Lcd_Cmd
;__Lib_Lcd.c,54 :: 		
0x00CC	0x8E3A      	BSF         __Lib_Lcd_cmd_status, BitPos(__Lib_Lcd_cmd_status+0) 
;__Lib_Lcd.c,55 :: 		
L_end_Lcd_Chr_CP:
0x00CE	0x0012      	RETURN      0
; end of _Lcd_Chr_CP
_Div_8X8_U:
;__Lib_Math.c,77 :: 		
;__Lib_Math.c,84 :: 		
0x00D0	0x6A08      	CLRF        R8, 0
;__Lib_Math.c,85 :: 		
0x00D2	0x0E08      	MOVLW       8
;__Lib_Math.c,86 :: 		
0x00D4	0x6E0C      	MOVWF       R12, 0
;__Lib_Math.c,87 :: 		
0x00D6	0x3400      	RLCF        R0, 0, 0
;__Lib_Math.c,88 :: 		
0x00D8	0x3608      	RLCF        R8, 1, 0
;__Lib_Math.c,89 :: 		
0x00DA	0x5004      	MOVF        R4, 0, 0
;__Lib_Math.c,90 :: 		
0x00DC	0x5E08      	SUBWF       R8, 1, 0
;__Lib_Math.c,91 :: 		
0x00DE	0xB0D8      	BTFSC       STATUS, 0, 0
;__Lib_Math.c,92 :: 		
0x00E0	0xD002      	BRA         $+6
;__Lib_Math.c,93 :: 		
0x00E2	0x2608      	ADDWF       R8, 1, 0
;__Lib_Math.c,94 :: 		
0x00E4	0x90D8      	BCF         STATUS, 0, 0
;__Lib_Math.c,95 :: 		
0x00E6	0x3600      	RLCF        R0, 1, 0
;__Lib_Math.c,96 :: 		
0x00E8	0x2E0C      	DECFSZ      R12, 1, 0
;__Lib_Math.c,97 :: 		
0x00EA	0xD7F5      	BRA         $-20
;__Lib_Math.c,99 :: 		
L_end_Div_8X8_U:
0x00EC	0x0012      	RETURN      0
; end of _Div_8X8_U
_Lcd_Chr:
;__Lib_Lcd.c,65 :: 		
;__Lib_Lcd.c,66 :: 		
0x00EE	0xD00F      	BRA         L_Lcd_Chr4
;__Lib_Lcd.c,67 :: 		
L_Lcd_Chr6:
0x00F0	0x0E80      	MOVLW       128
0x00F2	0x6E50      	MOVWF       FARG_Lcd_Chr_row 
0x00F4	0xD019      	BRA         L_Lcd_Chr5
;__Lib_Lcd.c,68 :: 		
L_Lcd_Chr7:
0x00F6	0x0EC0      	MOVLW       192
0x00F8	0x6E50      	MOVWF       FARG_Lcd_Chr_row 
0x00FA	0xD016      	BRA         L_Lcd_Chr5
;__Lib_Lcd.c,69 :: 		
L_Lcd_Chr8:
0x00FC	0x0E94      	MOVLW       148
0x00FE	0x6E50      	MOVWF       FARG_Lcd_Chr_row 
0x0100	0xD013      	BRA         L_Lcd_Chr5
;__Lib_Lcd.c,70 :: 		
L_Lcd_Chr9:
0x0102	0x0ED4      	MOVLW       212
0x0104	0x6E50      	MOVWF       FARG_Lcd_Chr_row 
0x0106	0xD010      	BRA         L_Lcd_Chr5
;__Lib_Lcd.c,71 :: 		
L_Lcd_Chr10:
0x0108	0x0E80      	MOVLW       128
0x010A	0x6E50      	MOVWF       FARG_Lcd_Chr_row 
;__Lib_Lcd.c,72 :: 		
0x010C	0xD00D      	BRA         L_Lcd_Chr5
L_Lcd_Chr4:
0x010E	0x5050      	MOVF        FARG_Lcd_Chr_row, 0 
0x0110	0x0A01      	XORLW       1
0x0112	0xE0EE      	BZ          L_Lcd_Chr6
0x0114	0x5050      	MOVF        FARG_Lcd_Chr_row, 0 
0x0116	0x0A02      	XORLW       2
0x0118	0xE0EE      	BZ          L_Lcd_Chr7
0x011A	0x5050      	MOVF        FARG_Lcd_Chr_row, 0 
0x011C	0x0A03      	XORLW       3
0x011E	0xE0EE      	BZ          L_Lcd_Chr8
0x0120	0x5050      	MOVF        FARG_Lcd_Chr_row, 0 
0x0122	0x0A04      	XORLW       4
0x0124	0xE0EE      	BZ          L_Lcd_Chr9
0x0126	0xD7F0      	BRA         L_Lcd_Chr10
L_Lcd_Chr5:
;__Lib_Lcd.c,74 :: 		
0x0128	0x0451      	DECF        FARG_Lcd_Chr_column, 0 
0x012A	0x6E00      	MOVWF       R0 
0x012C	0x5050      	MOVF        FARG_Lcd_Chr_row, 0 
0x012E	0x2600      	ADDWF       R0, 1 
0x0130	0xF050C000  	MOVFF       R0, FARG_Lcd_Chr_row
;__Lib_Lcd.c,76 :: 		
0x0134	0x8E3A      	BSF         __Lib_Lcd_cmd_status, BitPos(__Lib_Lcd_cmd_status+0) 
;__Lib_Lcd.c,77 :: 		
0x0136	0xF057C000  	MOVFF       R0, FARG_Lcd_Cmd_out_char
0x013A	0xDF86      	RCALL       _Lcd_Cmd
;__Lib_Lcd.c,79 :: 		
0x013C	0x9E3A      	BCF         __Lib_Lcd_cmd_status, BitPos(__Lib_Lcd_cmd_status+0) 
;__Lib_Lcd.c,80 :: 		
0x013E	0xF057C052  	MOVFF       FARG_Lcd_Chr_out_char, FARG_Lcd_Cmd_out_char
0x0142	0xDF82      	RCALL       _Lcd_Cmd
;__Lib_Lcd.c,81 :: 		
0x0144	0x8E3A      	BSF         __Lib_Lcd_cmd_status, BitPos(__Lib_Lcd_cmd_status+0) 
;__Lib_Lcd.c,82 :: 		
L_end_Lcd_Chr:
0x0146	0x0012      	RETURN      0
; end of _Lcd_Chr
_limpaLcd:
;view.c,84 :: 		void limpaLcd()
;view.c,86 :: 		if(limpa_lcd)
0x0148	0xA03A      	BTFSS       _limpa_lcd, BitPos(_limpa_lcd+0) 
0x014A	0xD004      	BRA         L_limpaLcd0
;view.c,88 :: 		Lcd_Cmd(_LCD_CLEAR);
0x014C	0x0E01      	MOVLW       1
0x014E	0x6E57      	MOVWF       FARG_Lcd_Cmd_out_char 
0x0150	0xDF7B      	RCALL       _Lcd_Cmd
;view.c,89 :: 		limpa_lcd = 0x00;
0x0152	0x903A      	BCF         _limpa_lcd, BitPos(_limpa_lcd+0) 
;view.c,90 :: 		}
L_limpaLcd0:
;view.c,91 :: 		}
L_end_limpaLcd:
0x0154	0x0012      	RETURN      0
; end of _limpaLcd
_Lcd_Out:
;__Lib_Lcd.c,184 :: 		
;__Lib_Lcd.c,187 :: 		
0x0156	0xD00F      	BRA         L_Lcd_Out11
;__Lib_Lcd.c,188 :: 		
L_Lcd_Out13:
0x0158	0x0E80      	MOVLW       128
0x015A	0x6E50      	MOVWF       FARG_Lcd_Out_row 
0x015C	0xD019      	BRA         L_Lcd_Out12
;__Lib_Lcd.c,189 :: 		
L_Lcd_Out14:
0x015E	0x0EC0      	MOVLW       192
0x0160	0x6E50      	MOVWF       FARG_Lcd_Out_row 
0x0162	0xD016      	BRA         L_Lcd_Out12
;__Lib_Lcd.c,190 :: 		
L_Lcd_Out15:
0x0164	0x0E94      	MOVLW       148
0x0166	0x6E50      	MOVWF       FARG_Lcd_Out_row 
0x0168	0xD013      	BRA         L_Lcd_Out12
;__Lib_Lcd.c,191 :: 		
L_Lcd_Out16:
0x016A	0x0ED4      	MOVLW       212
0x016C	0x6E50      	MOVWF       FARG_Lcd_Out_row 
0x016E	0xD010      	BRA         L_Lcd_Out12
;__Lib_Lcd.c,192 :: 		
L_Lcd_Out17:
0x0170	0x0E80      	MOVLW       128
0x0172	0x6E50      	MOVWF       FARG_Lcd_Out_row 
;__Lib_Lcd.c,193 :: 		
0x0174	0xD00D      	BRA         L_Lcd_Out12
L_Lcd_Out11:
0x0176	0x5050      	MOVF        FARG_Lcd_Out_row, 0 
0x0178	0x0A01      	XORLW       1
0x017A	0xE0EE      	BZ          L_Lcd_Out13
0x017C	0x5050      	MOVF        FARG_Lcd_Out_row, 0 
0x017E	0x0A02      	XORLW       2
0x0180	0xE0EE      	BZ          L_Lcd_Out14
0x0182	0x5050      	MOVF        FARG_Lcd_Out_row, 0 
0x0184	0x0A03      	XORLW       3
0x0186	0xE0EE      	BZ          L_Lcd_Out15
0x0188	0x5050      	MOVF        FARG_Lcd_Out_row, 0 
0x018A	0x0A04      	XORLW       4
0x018C	0xE0EE      	BZ          L_Lcd_Out16
0x018E	0xD7F0      	BRA         L_Lcd_Out17
L_Lcd_Out12:
;__Lib_Lcd.c,194 :: 		
0x0190	0x0451      	DECF        FARG_Lcd_Out_column, 0 
0x0192	0x6E00      	MOVWF       R0 
0x0194	0x5050      	MOVF        FARG_Lcd_Out_row, 0 
0x0196	0x2600      	ADDWF       R0, 1 
0x0198	0xF050C000  	MOVFF       R0, FARG_Lcd_Out_row
;__Lib_Lcd.c,196 :: 		
0x019C	0xF057C000  	MOVFF       R0, FARG_Lcd_Cmd_out_char
0x01A0	0xDF53      	RCALL       _Lcd_Cmd
;__Lib_Lcd.c,197 :: 		
0x01A2	0x9E3A      	BCF         __Lib_Lcd_cmd_status, BitPos(__Lib_Lcd_cmd_status+0) 
;__Lib_Lcd.c,198 :: 		
0x01A4	0x6A54      	CLRF        Lcd_Out_i_L0 
;__Lib_Lcd.c,199 :: 		
L_Lcd_Out18:
0x01A6	0x5054      	MOVF        Lcd_Out_i_L0, 0 
0x01A8	0x2452      	ADDWF       FARG_Lcd_Out_text, 0 
0x01AA	0x6EE9      	MOVWF       FSR0L 
0x01AC	0x0E00      	MOVLW       0
0x01AE	0x2053      	ADDWFC      FARG_Lcd_Out_text+1, 0 
0x01B0	0x6EEA      	MOVWF       FSR0H 
0x01B2	0x52EE      	MOVF        POSTINC0, 1 
0x01B4	0xE00B      	BZ          L_Lcd_Out19
;__Lib_Lcd.c,200 :: 		
0x01B6	0x5054      	MOVF        Lcd_Out_i_L0, 0 
0x01B8	0x2452      	ADDWF       FARG_Lcd_Out_text, 0 
0x01BA	0x6EE9      	MOVWF       FSR0L 
0x01BC	0x0E00      	MOVLW       0
0x01BE	0x2053      	ADDWFC      FARG_Lcd_Out_text+1, 0 
0x01C0	0x6EEA      	MOVWF       FSR0H 
0x01C2	0xF056CFEE  	MOVFF       POSTINC0, FARG_Lcd_Chr_CP_out_char
0x01C6	0xDF7E      	RCALL       _Lcd_Chr_CP
0x01C8	0x2A54      	INCF        Lcd_Out_i_L0, 1 
0x01CA	0xD7ED      	BRA         L_Lcd_Out18
L_Lcd_Out19:
;__Lib_Lcd.c,201 :: 		
0x01CC	0x8E3A      	BSF         __Lib_Lcd_cmd_status, BitPos(__Lib_Lcd_cmd_status+0) 
;__Lib_Lcd.c,202 :: 		
L_end_Lcd_Out:
0x01CE	0x0012      	RETURN      0
; end of _Lcd_Out
_ByteToStr:
;__Lib_Conversions.c,66 :: 		
;__Lib_Conversions.c,69 :: 		
0x01D0	0x6A53      	CLRF        ByteToStr_DigitPos_L0 
L_ByteToStr0:
0x01D2	0x0E03      	MOVLW       3
0x01D4	0x5C53      	SUBWF       ByteToStr_DigitPos_L0, 0 
0x01D6	0xE20A      	BC          L_ByteToStr1
;__Lib_Conversions.c,70 :: 		
0x01D8	0x5053      	MOVF        ByteToStr_DigitPos_L0, 0 
0x01DA	0x2451      	ADDWF       FARG_ByteToStr_output, 0 
0x01DC	0x6EE1      	MOVWF       FSR1L 
0x01DE	0x0E00      	MOVLW       0
0x01E0	0x2052      	ADDWFC      FARG_ByteToStr_output+1, 0 
0x01E2	0x6EE2      	MOVWF       FSR1H 
0x01E4	0x0E20      	MOVLW       32
0x01E6	0x6EE6      	MOVWF       POSTINC1 
;__Lib_Conversions.c,69 :: 		
0x01E8	0x2A53      	INCF        ByteToStr_DigitPos_L0, 1 
;__Lib_Conversions.c,70 :: 		
0x01EA	0xD7F3      	BRA         L_ByteToStr0
L_ByteToStr1:
;__Lib_Conversions.c,72 :: 		
0x01EC	0x5053      	MOVF        ByteToStr_DigitPos_L0, 0 
0x01EE	0x2451      	ADDWF       FARG_ByteToStr_output, 0 
0x01F0	0x6EE1      	MOVWF       FSR1L 
0x01F2	0x0E00      	MOVLW       0
0x01F4	0x2052      	ADDWFC      FARG_ByteToStr_output+1, 0 
0x01F6	0x6EE2      	MOVWF       FSR1H 
0x01F8	0x6AE6      	CLRF        POSTINC1 
0x01FA	0x0653      	DECF        ByteToStr_DigitPos_L0, 1 
;__Lib_Conversions.c,74 :: 		
L_ByteToStr3:
;__Lib_Conversions.c,75 :: 		
0x01FC	0x5053      	MOVF        ByteToStr_DigitPos_L0, 0 
0x01FE	0x2451      	ADDWF       FARG_ByteToStr_output, 0 
0x0200	0x6E54      	MOVWF       FLOC__ByteToStr 
0x0202	0x0E00      	MOVLW       0
0x0204	0x2052      	ADDWFC      FARG_ByteToStr_output+1, 0 
0x0206	0x6E55      	MOVWF       FLOC__ByteToStr+1 
0x0208	0x0E0A      	MOVLW       10
0x020A	0x6E04      	MOVWF       R4 
0x020C	0xF000C050  	MOVFF       FARG_ByteToStr_input, R0
0x0210	0xDF5F      	RCALL       _Div_8X8_U
0x0212	0xF000C008  	MOVFF       R8, R0
0x0216	0x0E30      	MOVLW       48
0x0218	0x2600      	ADDWF       R0, 1 
0x021A	0xFFE1C054  	MOVFF       FLOC__ByteToStr, FSR1L
0x021E	0xFFE2C055  	MOVFF       FLOC__ByteToStr+1, FSR1H
0x0222	0xFFE6C000  	MOVFF       R0, POSTINC1
;__Lib_Conversions.c,76 :: 		
0x0226	0x0E0A      	MOVLW       10
0x0228	0x6E04      	MOVWF       R4 
0x022A	0xF000C050  	MOVFF       FARG_ByteToStr_input, R0
0x022E	0xDF50      	RCALL       _Div_8X8_U
0x0230	0xF050C000  	MOVFF       R0, FARG_ByteToStr_input
;__Lib_Conversions.c,77 :: 		
0x0234	0x5000      	MOVF        R0, 0 
0x0236	0x0A00      	XORLW       0
0x0238	0xE101      	BNZ         L_ByteToStr5
;__Lib_Conversions.c,78 :: 		
0x023A	0xD002      	BRA         L_ByteToStr4
L_ByteToStr5:
;__Lib_Conversions.c,79 :: 		
0x023C	0x0653      	DECF        ByteToStr_DigitPos_L0, 1 
;__Lib_Conversions.c,80 :: 		
0x023E	0xD7DE      	BRA         L_ByteToStr3
L_ByteToStr4:
;__Lib_Conversions.c,81 :: 		
L_end_ByteToStr:
0x0240	0x0012      	RETURN      0
; end of _ByteToStr
_Ltrim:
;__Lib_Conversions.c,421 :: 		
;__Lib_Conversions.c,425 :: 		
0x0242	0x6A52      	CLRF        Ltrim_trimmed_L0 
0x0244	0x6A53      	CLRF        Ltrim_trimmed_L0+1 
;__Lib_Conversions.c,426 :: 		
0x0246	0xF003C050  	MOVFF       FARG_Ltrim_string, R3
0x024A	0xF004C051  	MOVFF       FARG_Ltrim_string+1, R4
;__Lib_Conversions.c,427 :: 		
0x024E	0xF005C050  	MOVFF       FARG_Ltrim_string, R5
0x0252	0xF006C051  	MOVFF       FARG_Ltrim_string+1, R6
;__Lib_Conversions.c,428 :: 		
L_Ltrim84:
;__Lib_Conversions.c,429 :: 		
0x0256	0xFFE9C003  	MOVFF       R3, FSR0L
0x025A	0xFFEAC004  	MOVFF       R4, FSR0H
0x025E	0x50EE      	MOVF        POSTINC0, 0 
0x0260	0x0A20      	XORLW       32
0x0262	0xE104      	BNZ         L__Ltrim147
0x0264	0x5052      	MOVF        Ltrim_trimmed_L0, 0 
0x0266	0x1053      	IORWF       Ltrim_trimmed_L0+1, 0 
0x0268	0xE101      	BNZ         L__Ltrim147
0x026A	0xD010      	BRA         L_Ltrim89
L__Ltrim147:
;__Lib_Conversions.c,430 :: 		
0x026C	0x0E01      	MOVLW       1
0x026E	0x6E52      	MOVWF       Ltrim_trimmed_L0 
0x0270	0x0E00      	MOVLW       0
0x0272	0x6E53      	MOVWF       Ltrim_trimmed_L0+1 
;__Lib_Conversions.c,431 :: 		
0x0274	0xFFE9C003  	MOVFF       R3, FSR0L
0x0278	0xFFEAC004  	MOVFF       R4, FSR0H
0x027C	0xFFE1C005  	MOVFF       R5, FSR1L
0x0280	0xFFE2C006  	MOVFF       R6, FSR1H
0x0284	0xFFE6CFEE  	MOVFF       POSTINC0, POSTINC1
0x0288	0x4A05      	INFSNZ      R5, 1 
0x028A	0x2A06      	INCF        R6, 1 
;__Lib_Conversions.c,432 :: 		
L_Ltrim89:
;__Lib_Conversions.c,434 :: 		
0x028C	0xF001C003  	MOVFF       R3, R1
0x0290	0xF002C004  	MOVFF       R4, R2
0x0294	0x4A03      	INFSNZ      R3, 1 
0x0296	0x2A04      	INCF        R4, 1 
0x0298	0xFFE9C001  	MOVFF       R1, FSR0L
0x029C	0xFFEAC002  	MOVFF       R2, FSR0H
0x02A0	0x50EE      	MOVF        POSTINC0, 0 
0x02A2	0x0A00      	XORLW       0
0x02A4	0xE1D8      	BNZ         L_Ltrim84
;__Lib_Conversions.c,435 :: 		
0x02A6	0xF000C050  	MOVFF       FARG_Ltrim_string, R0
0x02AA	0xF001C051  	MOVFF       FARG_Ltrim_string+1, R1
;__Lib_Conversions.c,436 :: 		
L_end_Ltrim:
0x02AE	0x0012      	RETURN      0
; end of _Ltrim
_sinalFonica:
;view.c,154 :: 		void sinalFonica(unsigned short dentes,unsigned short espacos)
;view.c,156 :: 		limpaLcd();
0x02B0	0xDF4B      	RCALL       _limpaLcd
;view.c,158 :: 		Lcd_Chr(1,1,'S');
0x02B2	0x0E01      	MOVLW       1
0x02B4	0x6E50      	MOVWF       FARG_Lcd_Chr_row 
0x02B6	0x0E01      	MOVLW       1
0x02B8	0x6E51      	MOVWF       FARG_Lcd_Chr_column 
0x02BA	0x0E53      	MOVLW       83
0x02BC	0x6E52      	MOVWF       FARG_Lcd_Chr_out_char 
0x02BE	0xDF17      	RCALL       _Lcd_Chr
;view.c,159 :: 		Lcd_Chr_Cp('I');
0x02C0	0x0E49      	MOVLW       73
0x02C2	0x6E56      	MOVWF       FARG_Lcd_Chr_CP_out_char 
0x02C4	0xDEFF      	RCALL       _Lcd_Chr_CP
;view.c,160 :: 		Lcd_Chr_Cp('N');
0x02C6	0x0E4E      	MOVLW       78
0x02C8	0x6E56      	MOVWF       FARG_Lcd_Chr_CP_out_char 
0x02CA	0xDEFC      	RCALL       _Lcd_Chr_CP
;view.c,161 :: 		Lcd_Chr_Cp('A');
0x02CC	0x0E41      	MOVLW       65
0x02CE	0x6E56      	MOVWF       FARG_Lcd_Chr_CP_out_char 
0x02D0	0xDEF9      	RCALL       _Lcd_Chr_CP
;view.c,162 :: 		Lcd_Chr_Cp('L');
0x02D2	0x0E4C      	MOVLW       76
0x02D4	0x6E56      	MOVWF       FARG_Lcd_Chr_CP_out_char 
0x02D6	0xDEF6      	RCALL       _Lcd_Chr_CP
;view.c,163 :: 		Lcd_Chr_Cp(' ');
0x02D8	0x0E20      	MOVLW       32
0x02DA	0x6E56      	MOVWF       FARG_Lcd_Chr_CP_out_char 
0x02DC	0xDEF3      	RCALL       _Lcd_Chr_CP
;view.c,164 :: 		Lcd_Chr_Cp('F');
0x02DE	0x0E46      	MOVLW       70
0x02E0	0x6E56      	MOVWF       FARG_Lcd_Chr_CP_out_char 
0x02E2	0xDEF0      	RCALL       _Lcd_Chr_CP
;view.c,165 :: 		Lcd_Chr_Cp('O');
0x02E4	0x0E4F      	MOVLW       79
0x02E6	0x6E56      	MOVWF       FARG_Lcd_Chr_CP_out_char 
0x02E8	0xDEED      	RCALL       _Lcd_Chr_CP
;view.c,166 :: 		Lcd_Chr_Cp('N');
0x02EA	0x0E4E      	MOVLW       78
0x02EC	0x6E56      	MOVWF       FARG_Lcd_Chr_CP_out_char 
0x02EE	0xDEEA      	RCALL       _Lcd_Chr_CP
;view.c,167 :: 		Lcd_Chr_Cp('I');
0x02F0	0x0E49      	MOVLW       73
0x02F2	0x6E56      	MOVWF       FARG_Lcd_Chr_CP_out_char 
0x02F4	0xDEE7      	RCALL       _Lcd_Chr_CP
;view.c,168 :: 		Lcd_Chr_Cp('C');
0x02F6	0x0E43      	MOVLW       67
0x02F8	0x6E56      	MOVWF       FARG_Lcd_Chr_CP_out_char 
0x02FA	0xDEE4      	RCALL       _Lcd_Chr_CP
;view.c,169 :: 		Lcd_Chr_Cp('A');
0x02FC	0x0E41      	MOVLW       65
0x02FE	0x6E56      	MOVWF       FARG_Lcd_Chr_CP_out_char 
0x0300	0xDEE1      	RCALL       _Lcd_Chr_CP
;view.c,170 :: 		Lcd_Chr_Cp(' ');
0x0302	0x0E20      	MOVLW       32
0x0304	0x6E56      	MOVWF       FARG_Lcd_Chr_CP_out_char 
0x0306	0xDEDE      	RCALL       _Lcd_Chr_CP
;view.c,171 :: 		Lcd_Chr_Cp(':');
0x0308	0x0E3A      	MOVLW       58
0x030A	0x6E56      	MOVWF       FARG_Lcd_Chr_CP_out_char 
0x030C	0xDEDB      	RCALL       _Lcd_Chr_CP
;view.c,173 :: 		ByteToStr(dentes,txt);
0x030E	0xF050C04E  	MOVFF       FARG_sinalFonica_dentes, FARG_ByteToStr_input
0x0312	0x0E43      	MOVLW       _txt
0x0314	0x6E51      	MOVWF       FARG_ByteToStr_output 
0x0316	0x0E00      	MOVLW       hi_addr(_txt)
0x0318	0x6E52      	MOVWF       FARG_ByteToStr_output+1 
0x031A	0xDF5A      	RCALL       _ByteToStr
;view.c,174 :: 		Lcd_Out(2,1,Ltrim(txt));
0x031C	0x0E43      	MOVLW       _txt
0x031E	0x6E50      	MOVWF       FARG_Ltrim_string 
0x0320	0x0E00      	MOVLW       hi_addr(_txt)
0x0322	0x6E51      	MOVWF       FARG_Ltrim_string+1 
0x0324	0xDF8E      	RCALL       _Ltrim
0x0326	0xF052C000  	MOVFF       R0, FARG_Lcd_Out_text
0x032A	0xF053C001  	MOVFF       R1, FARG_Lcd_Out_text+1
0x032E	0x0E02      	MOVLW       2
0x0330	0x6E50      	MOVWF       FARG_Lcd_Out_row 
0x0332	0x0E01      	MOVLW       1
0x0334	0x6E51      	MOVWF       FARG_Lcd_Out_column 
0x0336	0xDF0F      	RCALL       _Lcd_Out
;view.c,176 :: 		Lcd_Chr(2,4,'-');
0x0338	0x0E02      	MOVLW       2
0x033A	0x6E50      	MOVWF       FARG_Lcd_Chr_row 
0x033C	0x0E04      	MOVLW       4
0x033E	0x6E51      	MOVWF       FARG_Lcd_Chr_column 
0x0340	0x0E2D      	MOVLW       45
0x0342	0x6E52      	MOVWF       FARG_Lcd_Chr_out_char 
0x0344	0xDED4      	RCALL       _Lcd_Chr
;view.c,178 :: 		ByteToStr(espacos,txt);
0x0346	0xF050C04F  	MOVFF       FARG_sinalFonica_espacos, FARG_ByteToStr_input
0x034A	0x0E43      	MOVLW       _txt
0x034C	0x6E51      	MOVWF       FARG_ByteToStr_output 
0x034E	0x0E00      	MOVLW       hi_addr(_txt)
0x0350	0x6E52      	MOVWF       FARG_ByteToStr_output+1 
0x0352	0xDF3E      	RCALL       _ByteToStr
;view.c,179 :: 		Lcd_Out(2,6,Ltrim(txt));
0x0354	0x0E43      	MOVLW       _txt
0x0356	0x6E50      	MOVWF       FARG_Ltrim_string 
0x0358	0x0E00      	MOVLW       hi_addr(_txt)
0x035A	0x6E51      	MOVWF       FARG_Ltrim_string+1 
0x035C	0xDF72      	RCALL       _Ltrim
0x035E	0xF052C000  	MOVFF       R0, FARG_Lcd_Out_text
0x0362	0xF053C001  	MOVFF       R1, FARG_Lcd_Out_text+1
0x0366	0x0E02      	MOVLW       2
0x0368	0x6E50      	MOVWF       FARG_Lcd_Out_row 
0x036A	0x0E06      	MOVLW       6
0x036C	0x6E51      	MOVWF       FARG_Lcd_Out_column 
0x036E	0xDEF3      	RCALL       _Lcd_Out
;view.c,180 :: 		}
L_end_sinalFonica:
0x0370	0x0012      	RETURN      0
; end of _sinalFonica
_escolhaEspacos:
;view.c,124 :: 		void escolhaEspacos(unsigned short var_menu)
;view.c,126 :: 		limpaLcd();
0x0372	0xDEEA      	RCALL       _limpaLcd
;view.c,129 :: 		max_menu = 150;
0x0374	0x0E96      	MOVLW       150
0x0376	0x6E3B      	MOVWF       _max_menu 
;view.c,130 :: 		min_menu = 0;
0x0378	0x6A42      	CLRF        _min_menu 
;view.c,132 :: 		Lcd_Chr(1,1,'Q');
0x037A	0x0E01      	MOVLW       1
0x037C	0x6E50      	MOVWF       FARG_Lcd_Chr_row 
0x037E	0x0E01      	MOVLW       1
0x0380	0x6E51      	MOVWF       FARG_Lcd_Chr_column 
0x0382	0x0E51      	MOVLW       81
0x0384	0x6E52      	MOVWF       FARG_Lcd_Chr_out_char 
0x0386	0xDEB3      	RCALL       _Lcd_Chr
;view.c,133 :: 		Lcd_Chr_Cp('U');
0x0388	0x0E55      	MOVLW       85
0x038A	0x6E56      	MOVWF       FARG_Lcd_Chr_CP_out_char 
0x038C	0xDE9B      	RCALL       _Lcd_Chr_CP
;view.c,134 :: 		Lcd_Chr_Cp('A');
0x038E	0x0E41      	MOVLW       65
0x0390	0x6E56      	MOVWF       FARG_Lcd_Chr_CP_out_char 
0x0392	0xDE98      	RCALL       _Lcd_Chr_CP
;view.c,135 :: 		Lcd_Chr_Cp('N');
0x0394	0x0E4E      	MOVLW       78
0x0396	0x6E56      	MOVWF       FARG_Lcd_Chr_CP_out_char 
0x0398	0xDE95      	RCALL       _Lcd_Chr_CP
;view.c,136 :: 		Lcd_Chr_Cp('T');
0x039A	0x0E54      	MOVLW       84
0x039C	0x6E56      	MOVWF       FARG_Lcd_Chr_CP_out_char 
0x039E	0xDE92      	RCALL       _Lcd_Chr_CP
;view.c,137 :: 		Lcd_Chr_Cp(' ');
0x03A0	0x0E20      	MOVLW       32
0x03A2	0x6E56      	MOVWF       FARG_Lcd_Chr_CP_out_char 
0x03A4	0xDE8F      	RCALL       _Lcd_Chr_CP
;view.c,138 :: 		Lcd_Chr_Cp('E');
0x03A6	0x0E45      	MOVLW       69
0x03A8	0x6E56      	MOVWF       FARG_Lcd_Chr_CP_out_char 
0x03AA	0xDE8C      	RCALL       _Lcd_Chr_CP
;view.c,139 :: 		Lcd_Chr_Cp('S');
0x03AC	0x0E53      	MOVLW       83
0x03AE	0x6E56      	MOVWF       FARG_Lcd_Chr_CP_out_char 
0x03B0	0xDE89      	RCALL       _Lcd_Chr_CP
;view.c,140 :: 		Lcd_Chr_Cp('P');
0x03B2	0x0E50      	MOVLW       80
0x03B4	0x6E56      	MOVWF       FARG_Lcd_Chr_CP_out_char 
0x03B6	0xDE86      	RCALL       _Lcd_Chr_CP
;view.c,141 :: 		Lcd_Chr_Cp('A');
0x03B8	0x0E41      	MOVLW       65
0x03BA	0x6E56      	MOVWF       FARG_Lcd_Chr_CP_out_char 
0x03BC	0xDE83      	RCALL       _Lcd_Chr_CP
;view.c,142 :: 		Lcd_Chr_Cp('C');
0x03BE	0x0E43      	MOVLW       67
0x03C0	0x6E56      	MOVWF       FARG_Lcd_Chr_CP_out_char 
0x03C2	0xDE80      	RCALL       _Lcd_Chr_CP
;view.c,143 :: 		Lcd_Chr_Cp('O');
0x03C4	0x0E4F      	MOVLW       79
0x03C6	0x6E56      	MOVWF       FARG_Lcd_Chr_CP_out_char 
0x03C8	0xDE7D      	RCALL       _Lcd_Chr_CP
;view.c,144 :: 		Lcd_Chr_Cp('S');
0x03CA	0x0E53      	MOVLW       83
0x03CC	0x6E56      	MOVWF       FARG_Lcd_Chr_CP_out_char 
0x03CE	0xDE7A      	RCALL       _Lcd_Chr_CP
;view.c,145 :: 		Lcd_Chr_Cp(' ');
0x03D0	0x0E20      	MOVLW       32
0x03D2	0x6E56      	MOVWF       FARG_Lcd_Chr_CP_out_char 
0x03D4	0xDE77      	RCALL       _Lcd_Chr_CP
;view.c,146 :: 		Lcd_Chr_Cp(':');
0x03D6	0x0E3A      	MOVLW       58
0x03D8	0x6E56      	MOVWF       FARG_Lcd_Chr_CP_out_char 
0x03DA	0xDE74      	RCALL       _Lcd_Chr_CP
;view.c,148 :: 		ByteToStr(var_menu,txt);
0x03DC	0xF050C04E  	MOVFF       FARG_escolhaEspacos_var_menu, FARG_ByteToStr_input
0x03E0	0x0E43      	MOVLW       _txt
0x03E2	0x6E51      	MOVWF       FARG_ByteToStr_output 
0x03E4	0x0E00      	MOVLW       hi_addr(_txt)
0x03E6	0x6E52      	MOVWF       FARG_ByteToStr_output+1 
0x03E8	0xDEF3      	RCALL       _ByteToStr
;view.c,149 :: 		Lcd_Out(2,2,txt);
0x03EA	0x0E02      	MOVLW       2
0x03EC	0x6E50      	MOVWF       FARG_Lcd_Out_row 
0x03EE	0x0E02      	MOVLW       2
0x03F0	0x6E51      	MOVWF       FARG_Lcd_Out_column 
0x03F2	0x0E43      	MOVLW       _txt
0x03F4	0x6E52      	MOVWF       FARG_Lcd_Out_text 
0x03F6	0x0E00      	MOVLW       hi_addr(_txt)
0x03F8	0x6E53      	MOVWF       FARG_Lcd_Out_text+1 
0x03FA	0xDEAD      	RCALL       _Lcd_Out
;view.c,150 :: 		}
L_end_escolhaEspacos:
0x03FC	0x0012      	RETURN      0
; end of _escolhaEspacos
_escolhaDentes:
;view.c,95 :: 		void escolhaDentes(unsigned short var_menu)
;view.c,97 :: 		limpaLcd();
0x03FE	0xDEA4      	RCALL       _limpaLcd
;view.c,100 :: 		max_menu = 150;
0x0400	0x0E96      	MOVLW       150
0x0402	0x6E3B      	MOVWF       _max_menu 
;view.c,101 :: 		min_menu = 0;
0x0404	0x6A42      	CLRF        _min_menu 
;view.c,103 :: 		Lcd_Chr(1,1,'Q');
0x0406	0x0E01      	MOVLW       1
0x0408	0x6E50      	MOVWF       FARG_Lcd_Chr_row 
0x040A	0x0E01      	MOVLW       1
0x040C	0x6E51      	MOVWF       FARG_Lcd_Chr_column 
0x040E	0x0E51      	MOVLW       81
0x0410	0x6E52      	MOVWF       FARG_Lcd_Chr_out_char 
0x0412	0xDE6D      	RCALL       _Lcd_Chr
;view.c,104 :: 		Lcd_Chr_Cp('U');
0x0414	0x0E55      	MOVLW       85
0x0416	0x6E56      	MOVWF       FARG_Lcd_Chr_CP_out_char 
0x0418	0xDE55      	RCALL       _Lcd_Chr_CP
;view.c,105 :: 		Lcd_Chr_Cp('A');
0x041A	0x0E41      	MOVLW       65
0x041C	0x6E56      	MOVWF       FARG_Lcd_Chr_CP_out_char 
0x041E	0xDE52      	RCALL       _Lcd_Chr_CP
;view.c,106 :: 		Lcd_Chr_Cp('N');
0x0420	0x0E4E      	MOVLW       78
0x0422	0x6E56      	MOVWF       FARG_Lcd_Chr_CP_out_char 
0x0424	0xDE4F      	RCALL       _Lcd_Chr_CP
;view.c,107 :: 		Lcd_Chr_Cp('T');
0x0426	0x0E54      	MOVLW       84
0x0428	0x6E56      	MOVWF       FARG_Lcd_Chr_CP_out_char 
0x042A	0xDE4C      	RCALL       _Lcd_Chr_CP
;view.c,108 :: 		Lcd_Chr_Cp(' ');
0x042C	0x0E20      	MOVLW       32
0x042E	0x6E56      	MOVWF       FARG_Lcd_Chr_CP_out_char 
0x0430	0xDE49      	RCALL       _Lcd_Chr_CP
;view.c,109 :: 		Lcd_Chr_Cp('D');
0x0432	0x0E44      	MOVLW       68
0x0434	0x6E56      	MOVWF       FARG_Lcd_Chr_CP_out_char 
0x0436	0xDE46      	RCALL       _Lcd_Chr_CP
;view.c,110 :: 		Lcd_Chr_Cp('E');
0x0438	0x0E45      	MOVLW       69
0x043A	0x6E56      	MOVWF       FARG_Lcd_Chr_CP_out_char 
0x043C	0xDE43      	RCALL       _Lcd_Chr_CP
;view.c,111 :: 		Lcd_Chr_Cp('N');
0x043E	0x0E4E      	MOVLW       78
0x0440	0x6E56      	MOVWF       FARG_Lcd_Chr_CP_out_char 
0x0442	0xDE40      	RCALL       _Lcd_Chr_CP
;view.c,112 :: 		Lcd_Chr_Cp('T');
0x0444	0x0E54      	MOVLW       84
0x0446	0x6E56      	MOVWF       FARG_Lcd_Chr_CP_out_char 
0x0448	0xDE3D      	RCALL       _Lcd_Chr_CP
;view.c,113 :: 		Lcd_Chr_Cp('E');
0x044A	0x0E45      	MOVLW       69
0x044C	0x6E56      	MOVWF       FARG_Lcd_Chr_CP_out_char 
0x044E	0xDE3A      	RCALL       _Lcd_Chr_CP
;view.c,114 :: 		Lcd_Chr_Cp('S');
0x0450	0x0E53      	MOVLW       83
0x0452	0x6E56      	MOVWF       FARG_Lcd_Chr_CP_out_char 
0x0454	0xDE37      	RCALL       _Lcd_Chr_CP
;view.c,115 :: 		Lcd_Chr_Cp(' ');
0x0456	0x0E20      	MOVLW       32
0x0458	0x6E56      	MOVWF       FARG_Lcd_Chr_CP_out_char 
0x045A	0xDE34      	RCALL       _Lcd_Chr_CP
;view.c,116 :: 		Lcd_Chr_Cp(':');
0x045C	0x0E3A      	MOVLW       58
0x045E	0x6E56      	MOVWF       FARG_Lcd_Chr_CP_out_char 
0x0460	0xDE31      	RCALL       _Lcd_Chr_CP
;view.c,118 :: 		ByteToStr(var_menu,txt);
0x0462	0xF050C04E  	MOVFF       FARG_escolhaDentes_var_menu, FARG_ByteToStr_input
0x0466	0x0E43      	MOVLW       _txt
0x0468	0x6E51      	MOVWF       FARG_ByteToStr_output 
0x046A	0x0E00      	MOVLW       hi_addr(_txt)
0x046C	0x6E52      	MOVWF       FARG_ByteToStr_output+1 
0x046E	0xDEB0      	RCALL       _ByteToStr
;view.c,119 :: 		Lcd_Out(2,2,txt);
0x0470	0x0E02      	MOVLW       2
0x0472	0x6E50      	MOVWF       FARG_Lcd_Out_row 
0x0474	0x0E02      	MOVLW       2
0x0476	0x6E51      	MOVWF       FARG_Lcd_Out_column 
0x0478	0x0E43      	MOVLW       _txt
0x047A	0x6E52      	MOVWF       FARG_Lcd_Out_text 
0x047C	0x0E00      	MOVLW       hi_addr(_txt)
0x047E	0x6E53      	MOVWF       FARG_Lcd_Out_text+1 
0x0480	0xDE6A      	RCALL       _Lcd_Out
;view.c,120 :: 		}
L_end_escolhaDentes:
0x0482	0x0012      	RETURN      0
; end of _escolhaDentes
_sinalHall:
;view.c,184 :: 		void sinalHall()
;view.c,186 :: 		limpaLcd();
0x0484	0xDE61      	RCALL       _limpaLcd
;view.c,188 :: 		Lcd_Chr(1,1,'S');
0x0486	0x0E01      	MOVLW       1
0x0488	0x6E50      	MOVWF       FARG_Lcd_Chr_row 
0x048A	0x0E01      	MOVLW       1
0x048C	0x6E51      	MOVWF       FARG_Lcd_Chr_column 
0x048E	0x0E53      	MOVLW       83
0x0490	0x6E52      	MOVWF       FARG_Lcd_Chr_out_char 
0x0492	0xDE2D      	RCALL       _Lcd_Chr
;view.c,189 :: 		Lcd_Chr_Cp('I');
0x0494	0x0E49      	MOVLW       73
0x0496	0x6E56      	MOVWF       FARG_Lcd_Chr_CP_out_char 
0x0498	0xDE15      	RCALL       _Lcd_Chr_CP
;view.c,190 :: 		Lcd_Chr_Cp('N');
0x049A	0x0E4E      	MOVLW       78
0x049C	0x6E56      	MOVWF       FARG_Lcd_Chr_CP_out_char 
0x049E	0xDE12      	RCALL       _Lcd_Chr_CP
;view.c,191 :: 		Lcd_Chr_Cp('A');
0x04A0	0x0E41      	MOVLW       65
0x04A2	0x6E56      	MOVWF       FARG_Lcd_Chr_CP_out_char 
0x04A4	0xDE0F      	RCALL       _Lcd_Chr_CP
;view.c,192 :: 		Lcd_Chr_Cp('L');
0x04A6	0x0E4C      	MOVLW       76
0x04A8	0x6E56      	MOVWF       FARG_Lcd_Chr_CP_out_char 
0x04AA	0xDE0C      	RCALL       _Lcd_Chr_CP
;view.c,193 :: 		Lcd_Chr_Cp(' ');
0x04AC	0x0E20      	MOVLW       32
0x04AE	0x6E56      	MOVWF       FARG_Lcd_Chr_CP_out_char 
0x04B0	0xDE09      	RCALL       _Lcd_Chr_CP
;view.c,194 :: 		Lcd_Chr_Cp('H');
0x04B2	0x0E48      	MOVLW       72
0x04B4	0x6E56      	MOVWF       FARG_Lcd_Chr_CP_out_char 
0x04B6	0xDE06      	RCALL       _Lcd_Chr_CP
;view.c,195 :: 		Lcd_Chr_Cp('A');
0x04B8	0x0E41      	MOVLW       65
0x04BA	0x6E56      	MOVWF       FARG_Lcd_Chr_CP_out_char 
0x04BC	0xDE03      	RCALL       _Lcd_Chr_CP
;view.c,196 :: 		Lcd_Chr_Cp('L');
0x04BE	0x0E4C      	MOVLW       76
0x04C0	0x6E56      	MOVWF       FARG_Lcd_Chr_CP_out_char 
0x04C2	0xDE00      	RCALL       _Lcd_Chr_CP
;view.c,197 :: 		Lcd_Chr_Cp('L');
0x04C4	0x0E4C      	MOVLW       76
0x04C6	0x6E56      	MOVWF       FARG_Lcd_Chr_CP_out_char 
0x04C8	0xDDFD      	RCALL       _Lcd_Chr_CP
;view.c,198 :: 		Lcd_Chr_Cp(' ');
0x04CA	0x0E20      	MOVLW       32
0x04CC	0x6E56      	MOVWF       FARG_Lcd_Chr_CP_out_char 
0x04CE	0xDDFA      	RCALL       _Lcd_Chr_CP
;view.c,199 :: 		Lcd_Chr_Cp(':');
0x04D0	0x0E3A      	MOVLW       58
0x04D2	0x6E56      	MOVWF       FARG_Lcd_Chr_CP_out_char 
0x04D4	0xDDF7      	RCALL       _Lcd_Chr_CP
;view.c,200 :: 		}
L_end_sinalHall:
0x04D6	0x0012      	RETURN      0
; end of _sinalHall
_controle_menu:
;menu.c,27 :: 		char controle_menu(char var_atual)
;menu.c,29 :: 		if(flagVoltar == 0)
0x04D8	0xB23A      	BTFSC       _flagVoltar, BitPos(_flagVoltar+0) 
0x04DA	0xD00D      	BRA         L_controle_menu0
;menu.c,31 :: 		vetor_menu[pos_menu] = var_atual;
0x04DC	0x0E3C      	MOVLW       _vetor_menu
0x04DE	0x6EE1      	MOVWF       FSR1L 
0x04E0	0x0E00      	MOVLW       hi_addr(_vetor_menu)
0x04E2	0x6EE2      	MOVWF       FSR1H 
0x04E4	0x5039      	MOVF        _pos_menu, 0 
0x04E6	0x26E1      	ADDWF       FSR1L, 1 
0x04E8	0xB0D8      	BTFSC       STATUS, 0 
0x04EA	0x2AE2      	INCF        FSR1H, 1 
0x04EC	0xFFE6C04E  	MOVFF       FARG_controle_menu_var_atual, POSTINC1
;menu.c,32 :: 		pos_menu++;
0x04F0	0x2A39      	INCF        _pos_menu, 1 
;menu.c,33 :: 		var_atual = 0;
0x04F2	0x6A4E      	CLRF        FARG_controle_menu_var_atual 
;menu.c,34 :: 		}else if(pos_menu > 0)
0x04F4	0xD00E      	BRA         L_controle_menu1
L_controle_menu0:
0x04F6	0x5039      	MOVF        _pos_menu, 0 
0x04F8	0x0800      	SUBLW       0
0x04FA	0xE20B      	BC          L_controle_menu2
;menu.c,36 :: 		pos_menu--;
0x04FC	0x0639      	DECF        _pos_menu, 1 
;menu.c,37 :: 		var_atual = vetor_menu[pos_menu];
0x04FE	0x0E3C      	MOVLW       _vetor_menu
0x0500	0x6EE9      	MOVWF       FSR0L 
0x0502	0x0E00      	MOVLW       hi_addr(_vetor_menu)
0x0504	0x6EEA      	MOVWF       FSR0H 
0x0506	0x5039      	MOVF        _pos_menu, 0 
0x0508	0x26E9      	ADDWF       FSR0L, 1 
0x050A	0xB0D8      	BTFSC       STATUS, 0 
0x050C	0x2AEA      	INCF        FSR0H, 1 
0x050E	0xF04ECFEE  	MOVFF       POSTINC0, FARG_controle_menu_var_atual
;menu.c,38 :: 		}
L_controle_menu2:
L_controle_menu1:
;menu.c,40 :: 		return var_atual;
0x0512	0xF000C04E  	MOVFF       FARG_controle_menu_var_atual, R0
;menu.c,41 :: 		}
L_end_controle_menu:
0x0516	0x0012      	RETURN      0
; end of _controle_menu
_logicaFonica:
;menu.c,70 :: 		void logicaFonica()
;menu.c,74 :: 		while(flagVoltar != 1)
L_logicaFonica11:
0x0518	0xB23A      	BTFSC       _flagVoltar, BitPos(_flagVoltar+0) 
0x051A	0xD025      	BRA         L_logicaFonica12
;menu.c,76 :: 		while(flagConfirma != 1)
L_logicaFonica13:
0x051C	0xB43A      	BTFSC       _flagConfirma, BitPos(_flagConfirma+0) 
0x051E	0xD004      	BRA         L_logicaFonica14
;menu.c,78 :: 		escolhaDentes(var_menu);
0x0520	0xF04EC041  	MOVFF       _var_menu, FARG_escolhaDentes_var_menu
0x0524	0xDF6C      	RCALL       _escolhaDentes
;menu.c,79 :: 		}
0x0526	0xD7FA      	BRA         L_logicaFonica13
L_logicaFonica14:
;menu.c,80 :: 		flagConfirma = 0;
0x0528	0x943A      	BCF         _flagConfirma, BitPos(_flagConfirma+0) 
;menu.c,81 :: 		dentes = var_menu;
0x052A	0xF04CC041  	MOVFF       _var_menu, logicaFonica_dentes_L0
;menu.c,82 :: 		var_menu = 0;
0x052E	0x6A41      	CLRF        _var_menu 
;menu.c,84 :: 		while(flagConfirma != 1)
L_logicaFonica15:
0x0530	0xB43A      	BTFSC       _flagConfirma, BitPos(_flagConfirma+0) 
0x0532	0xD004      	BRA         L_logicaFonica16
;menu.c,86 :: 		escolhaEspacos(var_menu);
0x0534	0xF04EC041  	MOVFF       _var_menu, FARG_escolhaEspacos_var_menu
0x0538	0xDF1C      	RCALL       _escolhaEspacos
;menu.c,87 :: 		}
0x053A	0xD7FA      	BRA         L_logicaFonica15
L_logicaFonica16:
;menu.c,88 :: 		flagConfirma = 0;
0x053C	0x943A      	BCF         _flagConfirma, BitPos(_flagConfirma+0) 
;menu.c,89 :: 		espacos = var_menu;
0x053E	0xF04DC041  	MOVFF       _var_menu, logicaFonica_espacos_L0
;menu.c,90 :: 		var_menu = 0;
0x0542	0x6A41      	CLRF        _var_menu 
;menu.c,92 :: 		while(flagConfirma != 1)
L_logicaFonica17:
0x0544	0xB43A      	BTFSC       _flagConfirma, BitPos(_flagConfirma+0) 
0x0546	0xD006      	BRA         L_logicaFonica18
;menu.c,94 :: 		sinalFonica(dentes,espacos);
0x0548	0xF04EC04C  	MOVFF       logicaFonica_dentes_L0, FARG_sinalFonica_dentes
0x054C	0xF04FC04D  	MOVFF       logicaFonica_espacos_L0, FARG_sinalFonica_espacos
0x0550	0xDEAF      	RCALL       _sinalFonica
;menu.c,95 :: 		}
0x0552	0xD7F8      	BRA         L_logicaFonica17
L_logicaFonica18:
;menu.c,96 :: 		flagConfirma = 0;
0x0554	0x943A      	BCF         _flagConfirma, BitPos(_flagConfirma+0) 
;menu.c,97 :: 		var_menu = controle_menu(var_menu);
0x0556	0xF04EC041  	MOVFF       _var_menu, FARG_controle_menu_var_atual
0x055A	0xDFBE      	RCALL       _controle_menu
0x055C	0xF041C000  	MOVFF       R0, _var_menu
;menu.c,99 :: 		if(flagVoltar != 1)
0x0560	0xB23A      	BTFSC       _flagVoltar, BitPos(_flagVoltar+0) 
0x0562	0xD000      	BRA         L_logicaFonica19
;menu.c,105 :: 		}
L_logicaFonica19:
;menu.c,106 :: 		}
0x0564	0xD7D9      	BRA         L_logicaFonica11
L_logicaFonica12:
;menu.c,107 :: 		flagVoltar = 0;
0x0566	0x923A      	BCF         _flagVoltar, BitPos(_flagVoltar+0) 
;menu.c,108 :: 		}
L_end_logicaFonica:
0x0568	0x0012      	RETURN      0
; end of _logicaFonica
_buttonMenu:
;button.c,26 :: 		void buttonMenu()                           //Funcao que recebe valor do botao
;button.c,28 :: 		if(voltar   && !flagb1) flagb1 = 0x01;    //Botão foi apertado? Seta flagb1
0x056A	0xA881      	BTFSS       voltar, BitPos(voltar+0) 
0x056C	0xD002      	BRA         L_buttonMenu2
0x056E	0xAC3A      	BTFSS       _flagb1, BitPos(_flagb1+0) 
L__buttonMenu41:
0x0570	0x8C3A      	BSF         _flagb1, BitPos(_flagb1+0) 
L_buttonMenu2:
;button.c,29 :: 		if(esquerda && !flagb2) flagb2 = 0x01;    //Botao foi apertado? Seta flagb2
0x0572	0xAA81      	BTFSS       esquerda, BitPos(esquerda+0) 
0x0574	0xD002      	BRA         L_buttonMenu5
0x0576	0xA63A      	BTFSS       _flagb2, BitPos(_flagb2+0) 
L__buttonMenu40:
0x0578	0x863A      	BSF         _flagb2, BitPos(_flagb2+0) 
L_buttonMenu5:
;button.c,30 :: 		if(direita  && !flagb3) flagb3 = 0x01;    //Botao foi apertado? Seta flagb3
0x057A	0xAC81      	BTFSS       direita, BitPos(direita+0) 
0x057C	0xD002      	BRA         L_buttonMenu8
0x057E	0xA83A      	BTFSS       _flagb3, BitPos(_flagb3+0) 
L__buttonMenu39:
0x0580	0x883A      	BSF         _flagb3, BitPos(_flagb3+0) 
L_buttonMenu8:
;button.c,31 :: 		if(ok       && !flagb4) flagb4 = 0x01;    //Botao foi apertado? Seta flagb4
0x0582	0xAE81      	BTFSS       ok, BitPos(ok+0) 
0x0584	0xD002      	BRA         L_buttonMenu11
0x0586	0xAA3A      	BTFSS       _flagb4, BitPos(_flagb4+0) 
L__buttonMenu38:
0x0588	0x8A3A      	BSF         _flagb4, BitPos(_flagb4+0) 
L_buttonMenu11:
;button.c,33 :: 		if(!voltar && flagb1)                     //Botao solto?
0x058A	0xB881      	BTFSC       voltar, BitPos(voltar+0) 
0x058C	0xD006      	BRA         L_buttonMenu14
0x058E	0xAC3A      	BTFSS       _flagb1, BitPos(_flagb1+0) 
0x0590	0xD004      	BRA         L_buttonMenu14
L__buttonMenu37:
;button.c,35 :: 		flagb1 = 0x00;                          //Limpa flagb1
0x0592	0x9C3A      	BCF         _flagb1, BitPos(_flagb1+0) 
;button.c,36 :: 		flagVoltar = 1;
0x0594	0x823A      	BSF         _flagVoltar, BitPos(_flagVoltar+0) 
;button.c,37 :: 		flagConfirma = 1;
0x0596	0x843A      	BSF         _flagConfirma, BitPos(_flagConfirma+0) 
;button.c,38 :: 		limpa_lcd = 0x01;
0x0598	0x803A      	BSF         _limpa_lcd, BitPos(_limpa_lcd+0) 
;button.c,39 :: 		}
L_buttonMenu14:
;button.c,41 :: 		if(!esquerda && flagb2)
0x059A	0xBA81      	BTFSC       esquerda, BitPos(esquerda+0) 
0x059C	0xD00E      	BRA         L_buttonMenu17
0x059E	0xA63A      	BTFSS       _flagb2, BitPos(_flagb2+0) 
0x05A0	0xD00C      	BRA         L_buttonMenu17
L__buttonMenu36:
;button.c,43 :: 		flagb2 = 0x00;                          //Limpa flagb2
0x05A2	0x963A      	BCF         _flagb2, BitPos(_flagb2+0) 
;button.c,44 :: 		if(var_menu <= max_menu && var_menu > min_menu) var_menu --;
0x05A4	0x5041      	MOVF        _var_menu, 0 
0x05A6	0x5C3B      	SUBWF       _max_menu, 0 
0x05A8	0xE305      	BNC         L_buttonMenu20
0x05AA	0x5041      	MOVF        _var_menu, 0 
0x05AC	0x5C42      	SUBWF       _min_menu, 0 
0x05AE	0xE202      	BC          L_buttonMenu20
L__buttonMenu35:
0x05B0	0x0641      	DECF        _var_menu, 1 
0x05B2	0xD002      	BRA         L_buttonMenu21
L_buttonMenu20:
;button.c,45 :: 		else                             var_menu = min_menu;
0x05B4	0xF041C042  	MOVFF       _min_menu, _var_menu
L_buttonMenu21:
;button.c,46 :: 		limpa_lcd = 0x01;
0x05B8	0x803A      	BSF         _limpa_lcd, BitPos(_limpa_lcd+0) 
;button.c,47 :: 		}
L_buttonMenu17:
;button.c,49 :: 		if(!direita && flagb3)
0x05BA	0xBC81      	BTFSC       direita, BitPos(direita+0) 
0x05BC	0xD00E      	BRA         L_buttonMenu24
0x05BE	0xA83A      	BTFSS       _flagb3, BitPos(_flagb3+0) 
0x05C0	0xD00C      	BRA         L_buttonMenu24
L__buttonMenu34:
;button.c,51 :: 		flagb3 = 0x00;                          //Limpa flagb3
0x05C2	0x983A      	BCF         _flagb3, BitPos(_flagb3+0) 
;button.c,52 :: 		if(var_menu < max_menu && var_menu >= 0) var_menu ++;
0x05C4	0x503B      	MOVF        _max_menu, 0 
0x05C6	0x5C41      	SUBWF       _var_menu, 0 
0x05C8	0xE205      	BC          L_buttonMenu27
0x05CA	0x0E00      	MOVLW       0
0x05CC	0x5C41      	SUBWF       _var_menu, 0 
0x05CE	0xE302      	BNC         L_buttonMenu27
L__buttonMenu33:
0x05D0	0x2A41      	INCF        _var_menu, 1 
0x05D2	0xD002      	BRA         L_buttonMenu28
L_buttonMenu27:
;button.c,53 :: 		else                             var_menu = max_menu;
0x05D4	0xF041C03B  	MOVFF       _max_menu, _var_menu
L_buttonMenu28:
;button.c,54 :: 		limpa_lcd = 0x01;
0x05D8	0x803A      	BSF         _limpa_lcd, BitPos(_limpa_lcd+0) 
;button.c,55 :: 		}
L_buttonMenu24:
;button.c,57 :: 		if(!ok && flagb4)
0x05DA	0xBE81      	BTFSC       ok, BitPos(ok+0) 
0x05DC	0xD005      	BRA         L_buttonMenu31
0x05DE	0xAA3A      	BTFSS       _flagb4, BitPos(_flagb4+0) 
0x05E0	0xD003      	BRA         L_buttonMenu31
L__buttonMenu32:
;button.c,59 :: 		flagb4 = 0x00;                          //Limpa flagb4
0x05E2	0x9A3A      	BCF         _flagb4, BitPos(_flagb4+0) 
;button.c,60 :: 		flagConfirma = 1;
0x05E4	0x843A      	BSF         _flagConfirma, BitPos(_flagConfirma+0) 
;button.c,61 :: 		limpa_lcd = 0x01;
0x05E6	0x803A      	BSF         _limpa_lcd, BitPos(_limpa_lcd+0) 
;button.c,62 :: 		}
L_buttonMenu31:
;button.c,64 :: 		}
L_end_buttonMenu:
0x05E8	0x0012      	RETURN      0
; end of _buttonMenu
_logicaHall:
;menu.c,112 :: 		void logicaHall()
;menu.c,114 :: 		while(flagVoltar != 1)
L_logicaHall20:
0x05EA	0xB23A      	BTFSC       _flagVoltar, BitPos(_flagVoltar+0) 
0x05EC	0xD006      	BRA         L_logicaHall21
;menu.c,117 :: 		while(flagConfirma != 1)
L_logicaHall22:
0x05EE	0xB43A      	BTFSC       _flagConfirma, BitPos(_flagConfirma+0) 
0x05F0	0xD002      	BRA         L_logicaHall23
;menu.c,119 :: 		sinalHall();
0x05F2	0xDF48      	RCALL       _sinalHall
;menu.c,120 :: 		}
0x05F4	0xD7FC      	BRA         L_logicaHall22
L_logicaHall23:
;menu.c,121 :: 		flagConfirma = 0;
0x05F6	0x943A      	BCF         _flagConfirma, BitPos(_flagConfirma+0) 
;menu.c,122 :: 		}
0x05F8	0xD7F8      	BRA         L_logicaHall20
L_logicaHall21:
;menu.c,123 :: 		flagVoltar = 0;
0x05FA	0x923A      	BCF         _flagVoltar, BitPos(_flagVoltar+0) 
;menu.c,124 :: 		}
L_end_logicaHall:
0x05FC	0x0012      	RETURN      0
; end of _logicaHall
_menuPrincipal:
;view.c,58 :: 		void menuPrincipal(unsigned short var_menu)
;view.c,60 :: 		limpaLcd();
0x05FE	0xDDA4      	RCALL       _limpaLcd
;view.c,63 :: 		max_menu = 1;
0x0600	0x0E01      	MOVLW       1
0x0602	0x6E3B      	MOVWF       _max_menu 
;view.c,64 :: 		min_menu = 0;
0x0604	0x6A42      	CLRF        _min_menu 
;view.c,66 :: 		Lcd_Chr(1,1,'T');
0x0606	0x0E01      	MOVLW       1
0x0608	0x6E50      	MOVWF       FARG_Lcd_Chr_row 
0x060A	0x0E01      	MOVLW       1
0x060C	0x6E51      	MOVWF       FARG_Lcd_Chr_column 
0x060E	0x0E54      	MOVLW       84
0x0610	0x6E52      	MOVWF       FARG_Lcd_Chr_out_char 
0x0612	0xDD6D      	RCALL       _Lcd_Chr
;view.c,67 :: 		Lcd_Chr_Cp('I');
0x0614	0x0E49      	MOVLW       73
0x0616	0x6E56      	MOVWF       FARG_Lcd_Chr_CP_out_char 
0x0618	0xDD55      	RCALL       _Lcd_Chr_CP
;view.c,68 :: 		Lcd_Chr_Cp('P');
0x061A	0x0E50      	MOVLW       80
0x061C	0x6E56      	MOVWF       FARG_Lcd_Chr_CP_out_char 
0x061E	0xDD52      	RCALL       _Lcd_Chr_CP
;view.c,69 :: 		Lcd_Chr_Cp('O');
0x0620	0x0E4F      	MOVLW       79
0x0622	0x6E56      	MOVWF       FARG_Lcd_Chr_CP_out_char 
0x0624	0xDD4F      	RCALL       _Lcd_Chr_CP
;view.c,70 :: 		Lcd_Chr_Cp(' ');
0x0626	0x0E20      	MOVLW       32
0x0628	0x6E56      	MOVWF       FARG_Lcd_Chr_CP_out_char 
0x062A	0xDD4C      	RCALL       _Lcd_Chr_CP
;view.c,71 :: 		Lcd_Chr_Cp('S');
0x062C	0x0E53      	MOVLW       83
0x062E	0x6E56      	MOVWF       FARG_Lcd_Chr_CP_out_char 
0x0630	0xDD49      	RCALL       _Lcd_Chr_CP
;view.c,72 :: 		Lcd_Chr_Cp('I');
0x0632	0x0E49      	MOVLW       73
0x0634	0x6E56      	MOVWF       FARG_Lcd_Chr_CP_out_char 
0x0636	0xDD46      	RCALL       _Lcd_Chr_CP
;view.c,73 :: 		Lcd_Chr_Cp('N');
0x0638	0x0E4E      	MOVLW       78
0x063A	0x6E56      	MOVWF       FARG_Lcd_Chr_CP_out_char 
0x063C	0xDD43      	RCALL       _Lcd_Chr_CP
;view.c,74 :: 		Lcd_Chr_Cp('A');
0x063E	0x0E41      	MOVLW       65
0x0640	0x6E56      	MOVWF       FARG_Lcd_Chr_CP_out_char 
0x0642	0xDD40      	RCALL       _Lcd_Chr_CP
;view.c,75 :: 		Lcd_Chr_Cp('L');
0x0644	0x0E4C      	MOVLW       76
0x0646	0x6E56      	MOVWF       FARG_Lcd_Chr_CP_out_char 
0x0648	0xDD3D      	RCALL       _Lcd_Chr_CP
;view.c,76 :: 		Lcd_Chr_Cp(' ');
0x064A	0x0E20      	MOVLW       32
0x064C	0x6E56      	MOVWF       FARG_Lcd_Chr_CP_out_char 
0x064E	0xDD3A      	RCALL       _Lcd_Chr_CP
;view.c,77 :: 		Lcd_Chr_Cp(':');
0x0650	0x0E3A      	MOVLW       58
0x0652	0x6E56      	MOVWF       FARG_Lcd_Chr_CP_out_char 
0x0654	0xDD37      	RCALL       _Lcd_Chr_CP
;view.c,79 :: 		Lcd_Out(2,1,opcoesSinal[var_menu]);
0x0656	0x0E02      	MOVLW       2
0x0658	0x6E50      	MOVWF       FARG_Lcd_Out_row 
0x065A	0x0E01      	MOVLW       1
0x065C	0x6E51      	MOVWF       FARG_Lcd_Out_column 
0x065E	0x0E04      	MOVLW       4
0x0660	0x6E02      	MOVWF       R2 
0x0662	0xF000C04C  	MOVFF       FARG_menuPrincipal_var_menu, R0
0x0666	0x0E00      	MOVLW       0
0x0668	0x6E01      	MOVWF       R1 
0x066A	0x5002      	MOVF        R2, 0 
L__menuPrincipal3:
0x066C	0xE005      	BZ          L__menuPrincipal4
0x066E	0x3600      	RLCF        R0, 1 
0x0670	0x9000      	BCF         R0, 0 
0x0672	0x3601      	RLCF        R1, 1 
0x0674	0x0FFF      	ADDLW       255
0x0676	0xD7FA      	BRA         L__menuPrincipal3
L__menuPrincipal4:
0x0678	0x0E19      	MOVLW       _opcoesSinal
0x067A	0x2400      	ADDWF       R0, 0 
0x067C	0x6E52      	MOVWF       FARG_Lcd_Out_text 
0x067E	0x0E00      	MOVLW       hi_addr(_opcoesSinal)
0x0680	0x2001      	ADDWFC      R1, 0 
0x0682	0x6E53      	MOVWF       FARG_Lcd_Out_text+1 
0x0684	0xDD68      	RCALL       _Lcd_Out
;view.c,80 :: 		}
L_end_menuPrincipal:
0x0686	0x0012      	RETURN      0
; end of _menuPrincipal
_configInterruptTMR0:
;interrupcaoTMR0.c,31 :: 		void configInterruptTMR0()
;interrupcaoTMR0.c,33 :: 		T0CON = 0b10001000;                     //Configurando TIMER0
0x0688	0x0E88      	MOVLW       136
0x068A	0x6ED5      	MOVWF       T0CON 
;interrupcaoTMR0.c,38 :: 		TMR0H = 0xB1;                           //Inicializa o counter High do TIMER0
0x068C	0x0EB1      	MOVLW       177
0x068E	0x6ED7      	MOVWF       TMR0H 
;interrupcaoTMR0.c,39 :: 		TMR0L = 0xE0;                           //Inicializa o counter LOW do TIMER0
0x0690	0x0EE0      	MOVLW       224
0x0692	0x6ED6      	MOVWF       TMR0L 
;interrupcaoTMR0.c,40 :: 		TMR0IE_bit = 0x01;                      //Habilita interrupção do TIMER0
0x0694	0x8AF2      	BSF         TMR0IE_bit, BitPos(TMR0IE_bit+0) 
;interrupcaoTMR0.c,41 :: 		TMR0IP_bit = 0x00;                      //Configura TMR0 como baixa prioridade.
0x0696	0x94F1      	BCF         TMR0IP_bit, BitPos(TMR0IP_bit+0) 
;interrupcaoTMR0.c,42 :: 		}
L_end_configInterruptTMR0:
0x0698	0x0012      	RETURN      0
; end of _configInterruptTMR0
_interruptTMR0:
;interrupcaoTMR0.c,17 :: 		void interruptTMR0()
;interrupcaoTMR0.c,19 :: 		if(TMR0IF_bit)                           //Houve interrupçao externa?
0x069A	0xA4F2      	BTFSS       TMR0IF_bit, BitPos(TMR0IF_bit+0) 
0x069C	0xD006      	BRA         L_interruptTMR00
;interrupcaoTMR0.c,21 :: 		TMR0IF_bit = 0x00;                     //Limpa flag da interrupçao
0x069E	0x94F2      	BCF         TMR0IF_bit, BitPos(TMR0IF_bit+0) 
;interrupcaoTMR0.c,22 :: 		TMR0H = 0xB1;                          //Reinicializa TMR0H
0x06A0	0x0EB1      	MOVLW       177
0x06A2	0x6ED7      	MOVWF       TMR0H 
;interrupcaoTMR0.c,23 :: 		TMR0L = 0xE0;                          //Reinicializa TMR0L
0x06A4	0x0EE0      	MOVLW       224
0x06A6	0x6ED6      	MOVWF       TMR0L 
;interrupcaoTMR0.c,25 :: 		buttonMenu();
0x06A8	0xDF60      	RCALL       _buttonMenu
;interrupcaoTMR0.c,26 :: 		}
L_interruptTMR00:
;interrupcaoTMR0.c,27 :: 		}
L_end_interruptTMR0:
0x06AA	0x0012      	RETURN      0
; end of _interruptTMR0
_Lcd_Init:
;__Lib_Lcd.c,84 :: 		
;__Lib_Lcd.c,86 :: 		
0x06AC	0x9695      	BCF         LCD_EN_Direction, BitPos(LCD_EN_Direction+0) 
;__Lib_Lcd.c,87 :: 		
0x06AE	0x9495      	BCF         LCD_RS_Direction, BitPos(LCD_RS_Direction+0) 
;__Lib_Lcd.c,88 :: 		
0x06B0	0x9895      	BCF         LCD_D4_Direction, BitPos(LCD_D4_Direction+0) 
;__Lib_Lcd.c,89 :: 		
0x06B2	0x9A95      	BCF         LCD_D5_Direction, BitPos(LCD_D5_Direction+0) 
;__Lib_Lcd.c,90 :: 		
0x06B4	0x9C95      	BCF         LCD_D6_Direction, BitPos(LCD_D6_Direction+0) 
;__Lib_Lcd.c,91 :: 		
0x06B6	0x9E95      	BCF         LCD_D7_Direction, BitPos(LCD_D7_Direction+0) 
;__Lib_Lcd.c,93 :: 		
0x06B8	0x968C      	BCF         LCD_EN, BitPos(LCD_EN+0) 
;__Lib_Lcd.c,94 :: 		
0x06BA	0x948C      	BCF         LCD_RS, BitPos(LCD_RS+0) 
;__Lib_Lcd.c,95 :: 		
0x06BC	0x9E8C      	BCF         LCD_D7, BitPos(LCD_D7+0) 
;__Lib_Lcd.c,96 :: 		
0x06BE	0x9C8C      	BCF         LCD_D6, BitPos(LCD_D6+0) 
;__Lib_Lcd.c,97 :: 		
0x06C0	0x9A8C      	BCF         LCD_D5, BitPos(LCD_D5+0) 
;__Lib_Lcd.c,98 :: 		
0x06C2	0x988C      	BCF         LCD_D4, BitPos(LCD_D4+0) 
;__Lib_Lcd.c,100 :: 		
0x06C4	0xDCB0      	RCALL       _Delay_5500us
;__Lib_Lcd.c,101 :: 		
0x06C6	0xDCAF      	RCALL       _Delay_5500us
;__Lib_Lcd.c,102 :: 		
0x06C8	0xDCAE      	RCALL       _Delay_5500us
;__Lib_Lcd.c,105 :: 		
0x06CA	0x8A8C      	BSF         LCD_D5, BitPos(LCD_D5+0) 
;__Lib_Lcd.c,106 :: 		
0x06CC	0x888C      	BSF         LCD_D4, BitPos(LCD_D4+0) 
;__Lib_Lcd.c,107 :: 		
0x06CE	0x868C      	BSF         LCD_EN, BitPos(LCD_EN+0) 
;__Lib_Lcd.c,108 :: 		
0x06D0	0xDCB5      	RCALL       _Delay_1us
;__Lib_Lcd.c,109 :: 		
0x06D2	0x968C      	BCF         LCD_EN, BitPos(LCD_EN+0) 
;__Lib_Lcd.c,110 :: 		
0x06D4	0xDCA8      	RCALL       _Delay_5500us
;__Lib_Lcd.c,112 :: 		
0x06D6	0x868C      	BSF         LCD_EN, BitPos(LCD_EN+0) 
;__Lib_Lcd.c,113 :: 		
0x06D8	0xDCB1      	RCALL       _Delay_1us
;__Lib_Lcd.c,114 :: 		
0x06DA	0x968C      	BCF         LCD_EN, BitPos(LCD_EN+0) 
;__Lib_Lcd.c,115 :: 		
0x06DC	0xDCA4      	RCALL       _Delay_5500us
;__Lib_Lcd.c,117 :: 		
0x06DE	0x868C      	BSF         LCD_EN, BitPos(LCD_EN+0) 
;__Lib_Lcd.c,118 :: 		
0x06E0	0xDCAD      	RCALL       _Delay_1us
;__Lib_Lcd.c,119 :: 		
0x06E2	0x968C      	BCF         LCD_EN, BitPos(LCD_EN+0) 
;__Lib_Lcd.c,120 :: 		
0x06E4	0xDCA0      	RCALL       _Delay_5500us
;__Lib_Lcd.c,123 :: 		
0x06E6	0x988C      	BCF         LCD_D4, BitPos(LCD_D4+0) 
;__Lib_Lcd.c,124 :: 		
0x06E8	0x868C      	BSF         LCD_EN, BitPos(LCD_EN+0) 
;__Lib_Lcd.c,125 :: 		
0x06EA	0xDCA8      	RCALL       _Delay_1us
;__Lib_Lcd.c,126 :: 		
0x06EC	0x968C      	BCF         LCD_EN, BitPos(LCD_EN+0) 
;__Lib_Lcd.c,127 :: 		
0x06EE	0xDC9B      	RCALL       _Delay_5500us
;__Lib_Lcd.c,130 :: 		
0x06F0	0x868C      	BSF         LCD_EN, BitPos(LCD_EN+0) 
;__Lib_Lcd.c,131 :: 		
0x06F2	0xDCA4      	RCALL       _Delay_1us
;__Lib_Lcd.c,132 :: 		
0x06F4	0x968C      	BCF         LCD_EN, BitPos(LCD_EN+0) 
;__Lib_Lcd.c,134 :: 		
0x06F6	0x9A8C      	BCF         LCD_D5, BitPos(LCD_D5+0) 
;__Lib_Lcd.c,135 :: 		
0x06F8	0x8E8C      	BSF         LCD_D7, BitPos(LCD_D7+0) 
;__Lib_Lcd.c,136 :: 		
0x06FA	0x868C      	BSF         LCD_EN, BitPos(LCD_EN+0) 
;__Lib_Lcd.c,137 :: 		
0x06FC	0xDC9F      	RCALL       _Delay_1us
;__Lib_Lcd.c,138 :: 		
0x06FE	0x968C      	BCF         LCD_EN, BitPos(LCD_EN+0) 
;__Lib_Lcd.c,139 :: 		
0x0700	0xDC92      	RCALL       _Delay_5500us
;__Lib_Lcd.c,142 :: 		
0x0702	0x9E8C      	BCF         LCD_D7, BitPos(LCD_D7+0) 
;__Lib_Lcd.c,143 :: 		
0x0704	0x888C      	BSF         LCD_D4, BitPos(LCD_D4+0) 
;__Lib_Lcd.c,144 :: 		
0x0706	0x868C      	BSF         LCD_EN, BitPos(LCD_EN+0) 
;__Lib_Lcd.c,145 :: 		
0x0708	0xDC99      	RCALL       _Delay_1us
;__Lib_Lcd.c,146 :: 		
0x070A	0x968C      	BCF         LCD_EN, BitPos(LCD_EN+0) 
;__Lib_Lcd.c,148 :: 		
0x070C	0x988C      	BCF         LCD_D4, BitPos(LCD_D4+0) 
;__Lib_Lcd.c,149 :: 		
0x070E	0x868C      	BSF         LCD_EN, BitPos(LCD_EN+0) 
;__Lib_Lcd.c,150 :: 		
0x0710	0xDC95      	RCALL       _Delay_1us
;__Lib_Lcd.c,151 :: 		
0x0712	0x968C      	BCF         LCD_EN, BitPos(LCD_EN+0) 
;__Lib_Lcd.c,152 :: 		
0x0714	0xDC88      	RCALL       _Delay_5500us
;__Lib_Lcd.c,155 :: 		
0x0716	0x868C      	BSF         LCD_EN, BitPos(LCD_EN+0) 
;__Lib_Lcd.c,156 :: 		
0x0718	0xDC91      	RCALL       _Delay_1us
;__Lib_Lcd.c,157 :: 		
0x071A	0x968C      	BCF         LCD_EN, BitPos(LCD_EN+0) 
;__Lib_Lcd.c,159 :: 		
0x071C	0x888C      	BSF         LCD_D4, BitPos(LCD_D4+0) 
;__Lib_Lcd.c,160 :: 		
0x071E	0x868C      	BSF         LCD_EN, BitPos(LCD_EN+0) 
;__Lib_Lcd.c,161 :: 		
0x0720	0xDC8D      	RCALL       _Delay_1us
;__Lib_Lcd.c,162 :: 		
0x0722	0x968C      	BCF         LCD_EN, BitPos(LCD_EN+0) 
;__Lib_Lcd.c,163 :: 		
0x0724	0xDC80      	RCALL       _Delay_5500us
;__Lib_Lcd.c,166 :: 		
0x0726	0x988C      	BCF         LCD_D4, BitPos(LCD_D4+0) 
;__Lib_Lcd.c,167 :: 		
0x0728	0x868C      	BSF         LCD_EN, BitPos(LCD_EN+0) 
;__Lib_Lcd.c,168 :: 		
0x072A	0xDC88      	RCALL       _Delay_1us
;__Lib_Lcd.c,169 :: 		
0x072C	0x968C      	BCF         LCD_EN, BitPos(LCD_EN+0) 
;__Lib_Lcd.c,171 :: 		
0x072E	0x8E8C      	BSF         LCD_D7, BitPos(LCD_D7+0) 
;__Lib_Lcd.c,172 :: 		
0x0730	0x8C8C      	BSF         LCD_D6, BitPos(LCD_D6+0) 
;__Lib_Lcd.c,173 :: 		
0x0732	0x8A8C      	BSF         LCD_D5, BitPos(LCD_D5+0) 
;__Lib_Lcd.c,174 :: 		
0x0734	0x888C      	BSF         LCD_D4, BitPos(LCD_D4+0) 
;__Lib_Lcd.c,175 :: 		
0x0736	0x868C      	BSF         LCD_EN, BitPos(LCD_EN+0) 
;__Lib_Lcd.c,176 :: 		
0x0738	0xDC81      	RCALL       _Delay_1us
;__Lib_Lcd.c,177 :: 		
0x073A	0x968C      	BCF         LCD_EN, BitPos(LCD_EN+0) 
;__Lib_Lcd.c,179 :: 		
0x073C	0xDC74      	RCALL       _Delay_5500us
;__Lib_Lcd.c,181 :: 		
0x073E	0x8E3A      	BSF         __Lib_Lcd_cmd_status, BitPos(__Lib_Lcd_cmd_status+0) 
;__Lib_Lcd.c,182 :: 		
L_end_Lcd_Init:
0x0740	0x0012      	RETURN      0
; end of _Lcd_Init
_logicaMenuPrincipal:
;menu.c,46 :: 		void logicaMenuPrincipal()
;menu.c,48 :: 		while(flagVoltar != 1)
L_logicaMenuPrincipal3:
0x0742	0xB23A      	BTFSC       _flagVoltar, BitPos(_flagVoltar+0) 
0x0744	0xD02B      	BRA         L_logicaMenuPrincipal4
;menu.c,50 :: 		while(flagConfirma != 1)
L_logicaMenuPrincipal5:
0x0746	0xB43A      	BTFSC       _flagConfirma, BitPos(_flagConfirma+0) 
0x0748	0xD004      	BRA         L_logicaMenuPrincipal6
;menu.c,52 :: 		menuPrincipal(var_menu);
0x074A	0xF04CC041  	MOVFF       _var_menu, FARG_menuPrincipal_var_menu
0x074E	0xDF57      	RCALL       _menuPrincipal
;menu.c,53 :: 		}
0x0750	0xD7FA      	BRA         L_logicaMenuPrincipal5
L_logicaMenuPrincipal6:
;menu.c,55 :: 		flagConfirma = 0;
0x0752	0x943A      	BCF         _flagConfirma, BitPos(_flagConfirma+0) 
;menu.c,56 :: 		var_menu = controle_menu(var_menu);
0x0754	0xF04EC041  	MOVFF       _var_menu, FARG_controle_menu_var_atual
0x0758	0xDEBF      	RCALL       _controle_menu
0x075A	0xF041C000  	MOVFF       R0, _var_menu
;menu.c,58 :: 		switch(vetor_menu[pos_menu-1])
0x075E	0x0439      	DECF        _pos_menu, 0 
0x0760	0x6E00      	MOVWF       R0 
0x0762	0x6A01      	CLRF        R1 
0x0764	0x0E00      	MOVLW       0
0x0766	0x5A01      	SUBWFB      R1, 1 
0x0768	0x0E3C      	MOVLW       _vetor_menu
0x076A	0x2400      	ADDWF       R0, 0 
0x076C	0x6E4A      	MOVWF       FLOC__logicaMenuPrincipal 
0x076E	0x0E00      	MOVLW       hi_addr(_vetor_menu)
0x0770	0x2001      	ADDWFC      R1, 0 
0x0772	0x6E4B      	MOVWF       FLOC__logicaMenuPrincipal+1 
0x0774	0xD004      	BRA         L_logicaMenuPrincipal7
;menu.c,60 :: 		case 0: logicaFonica();break;
L_logicaMenuPrincipal9:
0x0776	0xDED0      	RCALL       _logicaFonica
0x0778	0xD010      	BRA         L_logicaMenuPrincipal8
;menu.c,61 :: 		case 1: logicaHall();  break;
L_logicaMenuPrincipal10:
0x077A	0xDF37      	RCALL       _logicaHall
0x077C	0xD00E      	BRA         L_logicaMenuPrincipal8
;menu.c,62 :: 		}
L_logicaMenuPrincipal7:
0x077E	0xFFE9C04A  	MOVFF       FLOC__logicaMenuPrincipal, FSR0L
0x0782	0xFFEAC04B  	MOVFF       FLOC__logicaMenuPrincipal+1, FSR0H
0x0786	0x50EE      	MOVF        POSTINC0, 0 
0x0788	0x0A00      	XORLW       0
0x078A	0xE0F5      	BZ          L_logicaMenuPrincipal9
0x078C	0xFFE9C04A  	MOVFF       FLOC__logicaMenuPrincipal, FSR0L
0x0790	0xFFEAC04B  	MOVFF       FLOC__logicaMenuPrincipal+1, FSR0H
0x0794	0x50EE      	MOVF        POSTINC0, 0 
0x0796	0x0A01      	XORLW       1
0x0798	0xE0F0      	BZ          L_logicaMenuPrincipal10
L_logicaMenuPrincipal8:
;menu.c,63 :: 		}
0x079A	0xD7D3      	BRA         L_logicaMenuPrincipal3
L_logicaMenuPrincipal4:
;menu.c,65 :: 		flagVoltar = 0;
0x079C	0x923A      	BCF         _flagVoltar, BitPos(_flagVoltar+0) 
;menu.c,66 :: 		}
L_end_logicaMenuPrincipal:
0x079E	0x0012      	RETURN      0
; end of _logicaMenuPrincipal
___CC2DW:
;__Lib_System.c,21 :: 		
;__Lib_System.c,23 :: 		
_CC2DL_Loop1:
;__Lib_System.c,24 :: 		
0x07A0	0x0009      	TBLRD*+
;__Lib_System.c,25 :: 		
0x07A2	0xFFE6CFF5  	MOVFF       TABLAT, POSTINC1
;__Lib_System.c,26 :: 		
0x07A6	0x0600      	DECF        R0, 1, 0
;__Lib_System.c,27 :: 		
0x07A8	0xE1FB      	BNZ         _CC2DL_Loop1
;__Lib_System.c,28 :: 		
0x07AA	0x0601      	DECF        R1, 1, 0
;__Lib_System.c,29 :: 		
0x07AC	0xE1F9      	BNZ         _CC2DL_Loop1
;__Lib_System.c,31 :: 		
L_end___CC2DW:
0x07AE	0x0012      	RETURN      0
; end of ___CC2DW
_inicioLcd:
;view.c,23 :: 		void inicioLcd()
;view.c,25 :: 		limpaLcd();
0x07B0	0xDCCB      	RCALL       _limpaLcd
;view.c,27 :: 		Lcd_Chr(1,4,'J');
0x07B2	0x0E01      	MOVLW       1
0x07B4	0x6E50      	MOVWF       FARG_Lcd_Chr_row 
0x07B6	0x0E04      	MOVLW       4
0x07B8	0x6E51      	MOVWF       FARG_Lcd_Chr_column 
0x07BA	0x0E4A      	MOVLW       74
0x07BC	0x6E52      	MOVWF       FARG_Lcd_Chr_out_char 
0x07BE	0xDC97      	RCALL       _Lcd_Chr
;view.c,28 :: 		Lcd_Chr_Cp('C');
0x07C0	0x0E43      	MOVLW       67
0x07C2	0x6E56      	MOVWF       FARG_Lcd_Chr_CP_out_char 
0x07C4	0xDC7F      	RCALL       _Lcd_Chr_CP
;view.c,29 :: 		Lcd_Chr_Cp(' ');
0x07C6	0x0E20      	MOVLW       32
0x07C8	0x6E56      	MOVWF       FARG_Lcd_Chr_CP_out_char 
0x07CA	0xDC7C      	RCALL       _Lcd_Chr_CP
;view.c,30 :: 		Lcd_Chr_Cp('M');
0x07CC	0x0E4D      	MOVLW       77
0x07CE	0x6E56      	MOVWF       FARG_Lcd_Chr_CP_out_char 
0x07D0	0xDC79      	RCALL       _Lcd_Chr_CP
;view.c,31 :: 		Lcd_Chr_Cp('O');
0x07D2	0x0E4F      	MOVLW       79
0x07D4	0x6E56      	MOVWF       FARG_Lcd_Chr_CP_out_char 
0x07D6	0xDC76      	RCALL       _Lcd_Chr_CP
;view.c,32 :: 		Lcd_Chr_Cp('D');
0x07D8	0x0E44      	MOVLW       68
0x07DA	0x6E56      	MOVWF       FARG_Lcd_Chr_CP_out_char 
0x07DC	0xDC73      	RCALL       _Lcd_Chr_CP
;view.c,33 :: 		Lcd_Chr_Cp('U');
0x07DE	0x0E55      	MOVLW       85
0x07E0	0x6E56      	MOVWF       FARG_Lcd_Chr_CP_out_char 
0x07E2	0xDC70      	RCALL       _Lcd_Chr_CP
;view.c,34 :: 		Lcd_Chr_Cp('L');
0x07E4	0x0E4C      	MOVLW       76
0x07E6	0x6E56      	MOVWF       FARG_Lcd_Chr_CP_out_char 
0x07E8	0xDC6D      	RCALL       _Lcd_Chr_CP
;view.c,35 :: 		Lcd_Chr_Cp('O');
0x07EA	0x0E4F      	MOVLW       79
0x07EC	0x6E56      	MOVWF       FARG_Lcd_Chr_CP_out_char 
0x07EE	0xDC6A      	RCALL       _Lcd_Chr_CP
;view.c,36 :: 		Lcd_Chr_Cp('S');
0x07F0	0x0E53      	MOVLW       83
0x07F2	0x6E56      	MOVWF       FARG_Lcd_Chr_CP_out_char 
0x07F4	0xDC67      	RCALL       _Lcd_Chr_CP
;view.c,38 :: 		Lcd_Chr(2,1,'S');
0x07F6	0x0E02      	MOVLW       2
0x07F8	0x6E50      	MOVWF       FARG_Lcd_Chr_row 
0x07FA	0x0E01      	MOVLW       1
0x07FC	0x6E51      	MOVWF       FARG_Lcd_Chr_column 
0x07FE	0x0E53      	MOVLW       83
0x0800	0x6E52      	MOVWF       FARG_Lcd_Chr_out_char 
0x0802	0xDC75      	RCALL       _Lcd_Chr
;view.c,39 :: 		Lcd_Chr_Cp('I');
0x0804	0x0E49      	MOVLW       73
0x0806	0x6E56      	MOVWF       FARG_Lcd_Chr_CP_out_char 
0x0808	0xDC5D      	RCALL       _Lcd_Chr_CP
;view.c,40 :: 		Lcd_Chr_Cp('M');
0x080A	0x0E4D      	MOVLW       77
0x080C	0x6E56      	MOVWF       FARG_Lcd_Chr_CP_out_char 
0x080E	0xDC5A      	RCALL       _Lcd_Chr_CP
;view.c,41 :: 		Lcd_Chr_Cp('U');
0x0810	0x0E55      	MOVLW       85
0x0812	0x6E56      	MOVWF       FARG_Lcd_Chr_CP_out_char 
0x0814	0xDC57      	RCALL       _Lcd_Chr_CP
;view.c,42 :: 		Lcd_Chr_Cp(' ');
0x0816	0x0E20      	MOVLW       32
0x0818	0x6E56      	MOVWF       FARG_Lcd_Chr_CP_out_char 
0x081A	0xDC54      	RCALL       _Lcd_Chr_CP
;view.c,43 :: 		Lcd_Chr_Cp('D');
0x081C	0x0E44      	MOVLW       68
0x081E	0x6E56      	MOVWF       FARG_Lcd_Chr_CP_out_char 
0x0820	0xDC51      	RCALL       _Lcd_Chr_CP
;view.c,44 :: 		Lcd_Chr_Cp('E');
0x0822	0x0E45      	MOVLW       69
0x0824	0x6E56      	MOVWF       FARG_Lcd_Chr_CP_out_char 
0x0826	0xDC4E      	RCALL       _Lcd_Chr_CP
;view.c,45 :: 		Lcd_Chr_Cp(' ');
0x0828	0x0E20      	MOVLW       32
0x082A	0x6E56      	MOVWF       FARG_Lcd_Chr_CP_out_char 
0x082C	0xDC4B      	RCALL       _Lcd_Chr_CP
;view.c,46 :: 		Lcd_Chr_Cp('C');
0x082E	0x0E43      	MOVLW       67
0x0830	0x6E56      	MOVWF       FARG_Lcd_Chr_CP_out_char 
0x0832	0xDC48      	RCALL       _Lcd_Chr_CP
;view.c,47 :: 		Lcd_Chr_Cp('E');
0x0834	0x0E45      	MOVLW       69
0x0836	0x6E56      	MOVWF       FARG_Lcd_Chr_CP_out_char 
0x0838	0xDC45      	RCALL       _Lcd_Chr_CP
;view.c,48 :: 		Lcd_Chr_Cp('N');
0x083A	0x0E4E      	MOVLW       78
0x083C	0x6E56      	MOVWF       FARG_Lcd_Chr_CP_out_char 
0x083E	0xDC42      	RCALL       _Lcd_Chr_CP
;view.c,49 :: 		Lcd_Chr_Cp('T');
0x0840	0x0E54      	MOVLW       84
0x0842	0x6E56      	MOVWF       FARG_Lcd_Chr_CP_out_char 
0x0844	0xDC3F      	RCALL       _Lcd_Chr_CP
;view.c,50 :: 		Lcd_Chr_Cp('R');
0x0846	0x0E52      	MOVLW       82
0x0848	0x6E56      	MOVWF       FARG_Lcd_Chr_CP_out_char 
0x084A	0xDC3C      	RCALL       _Lcd_Chr_CP
;view.c,51 :: 		Lcd_Chr_Cp('A');
0x084C	0x0E41      	MOVLW       65
0x084E	0x6E56      	MOVWF       FARG_Lcd_Chr_CP_out_char 
0x0850	0xDC39      	RCALL       _Lcd_Chr_CP
;view.c,52 :: 		Lcd_Chr_Cp('I');
0x0852	0x0E49      	MOVLW       73
0x0854	0x6E56      	MOVWF       FARG_Lcd_Chr_CP_out_char 
0x0856	0xDC36      	RCALL       _Lcd_Chr_CP
;view.c,53 :: 		Lcd_Chr_Cp('S');
0x0858	0x0E53      	MOVLW       83
0x085A	0x6E56      	MOVWF       FARG_Lcd_Chr_CP_out_char 
0x085C	0xDC33      	RCALL       _Lcd_Chr_CP
;view.c,54 :: 		}
L_end_inicioLcd:
0x085E	0x0012      	RETURN      0
; end of _inicioLcd
_main:
0x0860	0xF004EC75  	CALL        2282, 0
;projeto_menus.c,51 :: 		void main()
;projeto_menus.c,55 :: 		GIE_bit = 0x01;                         //Habilitando interrupções gerais
0x0864	0x8EF2      	BSF         GIE_bit, BitPos(GIE_bit+0) 
;projeto_menus.c,56 :: 		PEIE_bit = 0x01;                        //Habilitando interrupções de periféricos
0x0866	0x8CF2      	BSF         PEIE_bit, BitPos(PEIE_bit+0) 
;projeto_menus.c,57 :: 		IPEN_bit = 0x01;                        //Habilita prioridade de interrupção
0x0868	0x8ED0      	BSF         IPEN_bit, BitPos(IPEN_bit+0) 
;projeto_menus.c,61 :: 		configInterruptTMR0();
0x086A	0xDF0E      	RCALL       _configInterruptTMR0
;projeto_menus.c,65 :: 		ADCON0 = 0x00;                          //Desabilita o modulo ADC
0x086C	0x6AC2      	CLRF        ADCON0 
;projeto_menus.c,66 :: 		ADCON1 = 0x0F;                          //Configurando PORTA:PORTB como entradas digitais
0x086E	0x0E0F      	MOVLW       15
0x0870	0x6EC1      	MOVWF       ADCON1 
;projeto_menus.c,68 :: 		TRISB = 0xF0;                           //Configura RB4:RB7 como entrada digital.
0x0872	0x0EF0      	MOVLW       240
0x0874	0x6E93      	MOVWF       TRISB 
;projeto_menus.c,69 :: 		TRISD = 0x00;                           //Configura PORTD como saída
0x0876	0x6A95      	CLRF        TRISD 
;projeto_menus.c,72 :: 		Lcd_Init();                             //Inicializa o LCD
0x0878	0xDF19      	RCALL       _Lcd_Init
;projeto_menus.c,73 :: 		Lcd_Cmd(_LCD_CURSOR_OFF);
0x087A	0x0E0C      	MOVLW       12
0x087C	0x6E57      	MOVWF       FARG_Lcd_Cmd_out_char 
0x087E	0xF000EC24  	CALL        _Lcd_Cmd, 0
;projeto_menus.c,75 :: 		InicioLcd();
0x0882	0xDF96      	RCALL       _inicioLcd
;projeto_menus.c,76 :: 		delay_ms(1500);
0x0884	0x0E27      	MOVLW       39
0x0886	0x6E0B      	MOVWF       R11, 0
0x0888	0x0E0D      	MOVLW       13
0x088A	0x6E0C      	MOVWF       R12, 0
0x088C	0x0E26      	MOVLW       38
0x088E	0x6E0D      	MOVWF       R13, 0
L_main0:
0x0890	0x2E0D      	DECFSZ      R13, 1, 0
0x0892	0xD7FE      	BRA         L_main0
0x0894	0x2E0C      	DECFSZ      R12, 1, 0
0x0896	0xD7FC      	BRA         L_main0
0x0898	0x2E0B      	DECFSZ      R11, 1, 0
0x089A	0xD7FA      	BRA         L_main0
0x089C	0x0000      	NOP
;projeto_menus.c,77 :: 		limpa_lcd = 1;
0x089E	0x803A      	BSF         _limpa_lcd, BitPos(_limpa_lcd+0) 
;projeto_menus.c,78 :: 		limpaLcd();
0x08A0	0xDC53      	RCALL       _limpaLcd
;projeto_menus.c,80 :: 		while(1)
L_main1:
;projeto_menus.c,82 :: 		logicaMenuPrincipal();
0x08A2	0xDF4F      	RCALL       _logicaMenuPrincipal
;projeto_menus.c,84 :: 		}//FINAL LOOP
0x08A4	0xD7FE      	BRA         L_main1
;projeto_menus.c,86 :: 		}//FINAL MAIN
L_end_main:
0x08A6	0xD7FF      	BRA         $+0
; end of _main
0x08A8	0xF018C000  	MOVFF       R0, 24
_interrupt_low:
0x08AC	0x6E15      	MOVWF       ___Low_saveWREG 
0x08AE	0xF016CFD8  	MOVFF       STATUS, ___Low_saveSTATUS
0x08B2	0xF017CFE0  	MOVFF       BSR, ___Low_saveBSR
;projeto_menus.c,91 :: 		void interrupt_low()                           //Funcao de interrupcao
;projeto_menus.c,93 :: 		interruptTMR0();
0x08B6	0xDEF1      	RCALL       _interruptTMR0
;projeto_menus.c,94 :: 		}
L_end_interrupt_low:
L__interrupt_low5:
0x08B8	0x5017      	MOVF        ___Low_saveBSR, 0 
0x08BA	0x6EE0      	MOVWF       BSR 
0x08BC	0x5016      	MOVF        ___Low_saveSTATUS, 0 
0x08BE	0x6ED8      	MOVWF       STATUS 
0x08C0	0x3A15      	SWAPF       ___Low_saveWREG, 1 
0x08C2	0x3815      	SWAPF       ___Low_saveWREG, 0 
0x08C4	0xF000C018  	MOVFF       24, R0
0x08C8	0x0010      	RETFIE      0
; end of _interrupt_low
0x08EA	0xF019EE10  	LFSR        1, 25
0x08EE	0x0E20      	MOVLW       32
0x08F0	0x6E00      	MOVWF       R0 
0x08F2	0x0E01      	MOVLW       1
0x08F4	0x6E01      	MOVWF       R1 
0x08F6	0x0ECA      	MOVLW       202
0x08F8	0x6EF6      	MOVWF       4086 
0x08FA	0x0E08      	MOVLW       8
0x08FC	0x6EF7      	MOVWF       TBLPTRH 
0x08FE	0x0E00      	MOVLW       0
0x0900	0x6EF8      	MOVWF       TBLPTRU 
0x0902	0xF003ECD0  	CALL        1952, 0
0x0906	0x0012      	RETURN      0
;view.c,0 :: ?ICS_opcoesSinal
0x08CA	0x4953 ;?ICS_opcoesSinal+0
0x08CC	0x414E ;?ICS_opcoesSinal+2
0x08CE	0x204C ;?ICS_opcoesSinal+4
0x08D0	0x4E49 ;?ICS_opcoesSinal+6
0x08D2	0x5544 ;?ICS_opcoesSinal+8
0x08D4	0x4954 ;?ICS_opcoesSinal+10
0x08D6	0x4F56 ;?ICS_opcoesSinal+12
0x08D8	0x0000 ;?ICS_opcoesSinal+14
0x08DA	0x4953 ;?ICS_opcoesSinal+16
0x08DC	0x414E ;?ICS_opcoesSinal+18
0x08DE	0x204C ;?ICS_opcoesSinal+20
0x08E0	0x4148 ;?ICS_opcoesSinal+22
0x08E2	0x4C4C ;?ICS_opcoesSinal+24
0x08E4	0x0000 ;?ICS_opcoesSinal+26
0x08E6	0x0000 ;?ICS_opcoesSinal+28
0x08E8	0x0000 ;?ICS_opcoesSinal+30
; end of ?ICS_opcoesSinal
Symbol List:
//** Routines locations **
//ADDRESS    SIZE    PROCEDURE
//----------------------------------------------
0x001C      [10]    _Delay_50us
0x0026      [22]    _Delay_5500us
0x003C      [12]    _Delay_1us
0x0048     [124]    _Lcd_Cmd
0x00C4      [12]    _Lcd_Chr_CP
0x00D0      [30]    _Div_8X8_U
0x00EE      [90]    _Lcd_Chr
0x0148      [14]    _limpaLcd
0x0156     [122]    _Lcd_Out
0x01D0     [114]    _ByteToStr
0x0242     [110]    _Ltrim
0x02B0     [194]    _sinalFonica
0x0372     [140]    _escolhaEspacos
0x03FE     [134]    _escolhaDentes
0x0484      [84]    _sinalHall
0x04D8      [64]    _controle_menu
0x0518      [82]    _logicaFonica
0x056A     [128]    _buttonMenu
0x05EA      [20]    _logicaHall
0x05FE     [138]    _menuPrincipal
0x0688      [18]    _configInterruptTMR0
0x069A      [18]    _interruptTMR0
0x06AC     [150]    _Lcd_Init
0x0742      [94]    _logicaMenuPrincipal
0x07A0      [16]    ___CC2DW
0x07B0     [176]    _inicioLcd
0x0860      [72]    _main
0x08A8      [34]    _interrupt_low
//** Variables locations ** 
//ADDRESS    SIZE    VARIABLE
//----------------------------------------------
0x0000       [1]    R0
0x0001       [1]    R1
0x0002       [2]    memchr_s_L0
0x0002       [2]    memcpy_dd_L0
0x0002       [2]    strlen_cp_L0
0x0002       [1]    R2
0x0002       [2]    memset_pp_L0
0x0003       [1]    R3
0x0003       [2]    Ltrim_original_L0
0x0003       [2]    memmove_tt_L0
0x0004       [2]    strncat_cp_L0
0x0004       [1]    R4
0x0004       [2]    strncpy_cp_L0
0x0004       [2]    strcpy_cp_L0
0x0004       [2]    memcpy_ss_L0
0x0004       [2]    strcat_cp_L0
0x0005       [2]    LongIntToHex_input_half_L0
0x0005       [2]    LongWordToHex_input_half_L0
0x0005       [2]    memmove_ff_L0
0x0005       [2]    Ltrim_p_L0
0x0005       [1]    R5
0x0006       [1]    R6
0x0007       [1]    R7
0x0008       [1]    R8
0x0009       [1]    R9
0x000A       [1]    R10
0x000B       [1]    R11
0x000C       [1]    R12
0x000D       [1]    R13
0x000E       [1]    R14
0x000F       [1]    R15
0x0010       [1]    R16
0x0011       [1]    R17
0x0012       [1]    R18
0x0013       [1]    R19
0x0014       [1]    R20
0x0015       [1]    ___Low_saveWREG
0x0016       [1]    ___Low_saveSTATUS
0x0017       [1]    ___Low_saveBSR
0x0019      [32]    _opcoesSinal
0x0039       [1]    _pos_menu
0x003A       [0]    __Lib_Lcd_cmd_status
0x003A       [0]    _flagb4
0x003A       [0]    _limpa_lcd
0x003A       [0]    _flagb3
0x003A       [0]    _flagb1
0x003A       [0]    _flagb2
0x003A       [0]    _flagConfirma
0x003A       [0]    _flagVoltar
0x003B       [1]    _max_menu
0x003C       [5]    _vetor_menu
0x0041       [1]    _var_menu
0x0042       [1]    _min_menu
0x0043       [7]    _txt
0x004A       [2]    FLOC__logicaMenuPrincipal
0x004C       [1]    FARG_menuPrincipal_var_menu
0x004C       [1]    logicaFonica_dentes_L0
0x004D       [1]    logicaFonica_espacos_L0
0x004E       [1]    FARG_controle_menu_var_atual
0x004E       [1]    FARG_escolhaEspacos_var_menu
0x004E       [1]    FARG_escolhaDentes_var_menu
0x004E       [1]    FARG_sinalFonica_dentes
0x004F       [1]    FARG_sinalFonica_espacos
0x0050       [1]    FARG_Lcd_Chr_row
0x0050       [1]    FARG_Lcd_Out_row
0x0050       [1]    FARG_ByteToStr_input
0x0050       [2]    FARG_Ltrim_string
0x0051       [2]    FARG_ByteToStr_output
0x0051       [1]    FARG_Lcd_Chr_column
0x0051       [1]    FARG_Lcd_Out_column
0x0052       [1]    FARG_Lcd_Chr_out_char
0x0052       [2]    FARG_Lcd_Out_text
0x0052       [2]    Ltrim_trimmed_L0
0x0053       [1]    ByteToStr_DigitPos_L0
0x0054       [2]    FLOC__ByteToStr
0x0054       [1]    Lcd_Out_i_L0
0x0056       [1]    FARG_Lcd_Chr_CP_out_char
0x0057       [1]    FARG_Lcd_Cmd_out_char
0x0F81       [0]    ok
0x0F81       [0]    direita
0x0F81       [0]    esquerda
0x0F81       [0]    voltar
0x0F81       [0]    RB4_bit
0x0F81       [0]    RB5_bit
0x0F81       [0]    RB7_bit
0x0F81       [0]    RB6_bit
0x0F8C       [0]    LCD_D7
0x0F8C       [0]    LCD_D5
0x0F8C       [0]    LCD_D4
0x0F8C       [0]    LCD_EN
0x0F8C       [0]    LCD_RS
0x0F8C       [0]    LCD_D6
0x0F8C       [0]    LATD4_bit
0x0F8C       [0]    LATD3_bit
0x0F8C       [0]    LATD2_bit
0x0F8C       [0]    LATD5_bit
0x0F8C       [0]    LATD6_bit
0x0F8C       [0]    LATD7_bit
0x0F93       [1]    TRISB
0x0F95       [0]    TRISD4_bit
0x0F95       [0]    TRISD5_bit
0x0F95       [0]    LCD_D7_Direction
0x0F95       [0]    TRISD3_bit
0x0F95       [0]    TRISD7_bit
0x0F95       [0]    TRISD6_bit
0x0F95       [0]    LCD_D4_Direction
0x0F95       [0]    LCD_RS_Direction
0x0F95       [0]    LCD_EN_Direction
0x0F95       [0]    LCD_D6_Direction
0x0F95       [0]    TRISD2_bit
0x0F95       [0]    LCD_D5_Direction
0x0F95       [1]    TRISD
0x0FC1       [1]    ADCON1
0x0FC2       [1]    ADCON0
0x0FD0       [0]    IPEN_bit
0x0FD5       [1]    T0CON
0x0FD6       [1]    TMR0L
0x0FD7       [1]    TMR0H
0x0FD8       [1]    STATUS
0x0FD9       [1]    FSR2L
0x0FDA       [1]    FSR2H
0x0FDE       [1]    POSTINC2
0x0FE0       [1]    BSR
0x0FE1       [1]    FSR1L
0x0FE2       [1]    FSR1H
0x0FE4       [1]    PREINC1
0x0FE6       [1]    POSTINC1
0x0FE7       [1]    INDF1
0x0FE8       [1]    WREG
0x0FE9       [1]    FSR0L
0x0FEA       [1]    FSR0H
0x0FEE       [1]    POSTINC0
0x0FF1       [0]    TMR0IP_bit
0x0FF2       [0]    TMR0IE_bit
0x0FF2       [0]    TMR0IF_bit
0x0FF2       [0]    GIE_bit
0x0FF2       [0]    PEIE_bit
0x0FF3       [1]    PRODL
0x0FF4       [1]    PRODH
0x0FF5       [1]    TABLAT
0x0FF6       [1]    TBLPTRL
0x0FF7       [1]    TBLPTRH
0x0FF8       [1]    TBLPTRU
//** Constants locations ** 
//ADDRESS    SIZE    CONSTANT
//----------------------------------------------
0x08CA      [32]    ?ICS_opcoesSinal
